Collect {
	4 schedulers, 2 executors {
		Transfer(0.0) {
			47.01 ± 0.17 tx/µs
			1.394ms ± 5µs	(scheduling: 440µs ± 1µs, execution: 757µs ± 2µs)
		}
		Transfer(0.5) {
			43.52 ± 0.12 tx/µs
			1.506ms ± 4µs	(scheduling: 503µs ± 1µs, execution: 787µs ± 3µs)
		}
		PreviousDHashMap(7, 64, 1024; 0.7, 0.05, 0.05, 0.2) {
			9.16 ± 0.01 tx/µs
			7.156ms ± 5µs	(scheduling: 594µs ± 1µs, execution: 5.694ms ± 2µs)
		}
		PreviousDHashMap(7, 64, 1024; 0.25, 0.25, 0.25, 0.25) {
			6.82 ± 0.01 tx/µs
			9.612ms ± 11µs	(scheduling: 1.605ms ± 5µs, execution: 7.462ms ± 2µs)
		}
		PreviousDHashMap(7, 64, 4098; 0.7, 0.05, 0.05, 0.2) {
			9.00 ± 0.01 tx/µs
			7.282ms ± 8µs	(scheduling: 595µs ± 1µs, execution: 5.841ms ± 2µs)
		}
		PreviousDHashMap(7, 64, 4098; 0.25, 0.25, 0.25, 0.25) {
			7.14 ± 0.01 tx/µs
			9.182ms ± 8µs	(scheduling: 1.428ms ± 5µs, execution: 7.294ms ± 3µs)
		}
	}
	4 schedulers, 4 executors {
		Transfer(0.0) {
			60.85 ± 0.11 tx/µs
			1.077ms ± 2µs	(scheduling: 451µs ± 1µs, execution: 430µs ± 1µs)
		}
		Transfer(0.5) {
			50.22 ± 0.08 tx/µs
			1.305ms ± 2µs	(scheduling: 555µs ± 1µs, execution: 450µs ± 1µs)
		}
		PreviousDHashMap(7, 64, 1024; 0.7, 0.05, 0.05, 0.2) {
			13.95 ± 0.01 tx/µs
			4.699ms ± 4µs	(scheduling: 609µs ± 1µs, execution: 2.92ms ± 1µs)
		}
		PreviousDHashMap(7, 64, 1024; 0.25, 0.25, 0.25, 0.25) {
			9.54 ± 0.01 tx/µs
			6.869ms ± 10µs	(scheduling: 1.816ms ± 7µs, execution: 4.003ms ± 1µs)
		}
		PreviousDHashMap(7, 64, 4098; 0.7, 0.05, 0.05, 0.2) {
			13.88 ± 0.01 tx/µs
			4.721ms ± 3µs	(scheduling: 594µs ± 1µs, execution: 2.962ms ± 1µs)
		}
		PreviousDHashMap(7, 64, 4098; 0.25, 0.25, 0.25, 0.25) {
			10.44 ± 0.01 tx/µs
			6.278ms ± 5µs	(scheduling: 1.567ms ± 2µs, execution: 3.839ms ± 1µs)
		}
	}
	4 schedulers, 8 executors {
		Transfer(0.0) {
			73.06 ± 0.16 tx/µs
			897µs ± 2µs	(scheduling: 455µs ± 1µs, execution: 247µs ± 0ns)
		}
		Transfer(0.5) {
			51.64 ± 0.04 tx/µs
			1.269ms ± 1µs	(scheduling: 613µs ± 1µs, execution: 272µs ± 0ns)
		}
		PreviousDHashMap(7, 64, 1024; 0.7, 0.05, 0.05, 0.2) {
			17.51 ± 0.01 tx/µs
			3.742ms ± 2µs	(scheduling: 637µs ± 1µs, execution: 1.483ms ± 0ns)
		}
		PreviousDHashMap(7, 64, 1024; 0.25, 0.25, 0.25, 0.25) {
			11.53 ± 0.01 tx/µs
			5.686ms ± 5µs	(scheduling: 1.864ms ± 7µs, execution: 2.049ms ± 1µs)
		}
		PreviousDHashMap(7, 64, 4098; 0.7, 0.05, 0.05, 0.2) {
			17.50 ± 0.01 tx/µs
			3.745ms ± 3µs	(scheduling: 630µs ± 2µs, execution: 1.506ms ± 0ns)
		}
		PreviousDHashMap(7, 64, 4098; 0.25, 0.25, 0.25, 0.25) {
			11.83 ± 0.01 tx/µs
			5.539ms ± 6µs	(scheduling: 1.717ms ± 2µs, execution: 1.988ms ± 0ns)
		}
	}
	4 schedulers, 12 executors {
    		Transfer(0.0) {
    			81.21 ± 0.30 tx/µs
    			807µs ± 3µs	(scheduling: 525µs ± 1µs, execution: 152µs ± 0ns)
    		}
    		Transfer(0.5) {
    			48.83 ± 0.04 tx/µs
    			1.342ms ± 1µs	(scheduling: 670µs ± 1µs, execution: 187µs ± 0ns)
    		}
    		PreviousDHashMap(7, 64, 1024; 0.7, 0.05, 0.05, 0.2) {
    			17.23 ± 0.01 tx/µs
    			3.804ms ± 3µs	(scheduling: 718µs ± 2µs, execution: 1.003ms ± 1µs)
    		}
    		PreviousDHashMap(7, 64, 1024; 0.25, 0.25, 0.25, 0.25) {
    			10.51 ± 0.01 tx/µs
    			6.238ms ± 5µs	(scheduling: 1.928ms ± 6µs, execution: 1.408ms ± 0ns)
    		}
    		PreviousDHashMap(7, 64, 4098; 0.7, 0.05, 0.05, 0.2) {
    			17.47 ± 0.02 tx/µs
    			3.751ms ± 5µs	(scheduling: 705µs ± 1µs, execution: 1.012ms ± 0ns)
    		}
    		PreviousDHashMap(7, 64, 4098; 0.25, 0.25, 0.25, 0.25) {
    			10.51 ± 0.02 tx/µs
    			6.234ms ± 10µs	(scheduling: 1.567ms ± 13µs, execution: 1.588ms ± 12µs)
    		}
    	}
	4 schedulers, 16 executors {
        Transfer(0.0) {
            69.28 ± 0.07 tx/µs
            946µs ± 1µs	(scheduling: 443µs ± 1µs, execution: 233µs ± 0ns)
        }
        Transfer(0.5) {
            39.62 ± 0.02 tx/µs
            1.654ms ± 1µs	(scheduling: 509µs ± 1µs, execution: 273µs ± 0ns)
        }
        PreviousDHashMap(7, 64, 1024; 0.7, 0.05, 0.05, 0.2) {
            15.23 ± 0.01 tx/µs
            4.303ms ± 2µs	(scheduling: 657µs ± 1µs, execution: 1.012ms ± 0ns)
        }
        PreviousDHashMap(7, 64, 1024; 0.25, 0.25, 0.25, 0.25) {
            8.76 ± 0.02 tx/µs
            7.481ms ± 14µs	(scheduling: 1.692ms ± 6µs, execution: 1.442ms ± 5µs)
        }
        PreviousDHashMap(7, 64, 4098; 0.7, 0.05, 0.05, 0.2) {
            15.02 ± 0.02 tx/µs
            4.362ms ± 6µs	(scheduling: 643µs ± 1µs, execution: 1.104ms ± 2µs)
        }
        PreviousDHashMap(7, 64, 4098; 0.25, 0.25, 0.25, 0.25) {
            9.18 ± 0.01 tx/µs
            7.14ms ± 11µs	(scheduling: 1.552ms ± 2µs, execution: 1.272ms ± 3µs)
        }
    }
    4 schedulers, 22 executors {
        Transfer(0.0) {
            66.87 ± 0.14 tx/µs
            980µs ± 2µs	(scheduling: 440µs ± 1µs, execution: 150µs ± 0ns)
        }
        Transfer(0.5) {
            34.44 ± 0.05 tx/µs
            1.903ms ± 3µs	(scheduling: 493µs ± 1µs, execution: 175µs ± 1µs)
        }
        PreviousDHashMap(7, 64, 1024; 0.7, 0.05, 0.05, 0.2) {
            12.99 ± 0.01 tx/µs
            5.045ms ± 3µs	(scheduling: 624µs ± 1µs, execution: 768µs ± 1µs)
        }
        PreviousDHashMap(7, 64, 1024; 0.25, 0.25, 0.25, 0.25) {
            7.42 ± 0.01 tx/µs
            8.836ms ± 6µs	(scheduling: 1.603ms ± 5µs, execution: 1.052ms ± 0ns)
        }
        PreviousDHashMap(7, 64, 4098; 0.7, 0.05, 0.05, 0.2) {
            13.10 ± 0.01 tx/µs
            5.002ms ± 3µs	(scheduling: 618µs ± 1µs, execution: 789µs ± 0ns)
        }
        PreviousDHashMap(7, 64, 4098; 0.25, 0.25, 0.25, 0.25) {
            7.57 ± 0.01 tx/µs
            8.657ms ± 16µs	(scheduling: 1.495ms ± 3µs, execution: 1.015ms ± 1µs)
        }
    }
}
