Collect {
	4 schedulers, 2 executors {
		Transfer(0.0) {
			42.39 ± 0.17 tx/µs
			1.546ms ± 6µs	(scheduling: 448µs ± 1µs, execution: 835µs ± 3µs)
		}
		Transfer(0.5) {
			39.57 ± 0.12 tx/µs
			1.656ms ± 5µs	(scheduling: 534µs ± 1µs, execution: 872µs ± 3µs)
		}
		PreviousDHashMap(7, 64, 1024; 0.7, 0.05, 0.05, 0.2) {
			8.90 ± 0.01 tx/µs
			7.361ms ± 7µs	(scheduling: 694µs ± 3µs, execution: 5.817ms ± 3µs)
		}
		PreviousDHashMap(7, 64, 1024; 0.25, 0.25, 0.25, 0.25) {
			6.45 ± 0.01 tx/µs
			10.153ms ± 12µs	(scheduling: 1.908ms ± 3µs, execution: 7.982ms ± 2µs)
		}
		PreviousDHashMap(7, 64, 4098; 0.7, 0.05, 0.05, 0.2) {
			8.77 ± 0.01 tx/µs
			7.476ms ± 10µs	(scheduling: 741µs ± 2µs, execution: 5.955ms ± 4µs)
		}
		PreviousDHashMap(7, 64, 4098; 0.25, 0.25, 0.25, 0.25) {
			6.78 ± 0.00 tx/µs
			9.67ms ± 7µs	(scheduling: 1.758ms ± 3µs, execution: 7.742ms ± 3µs)
		}
	}
	4 schedulers, 4 executors {
		Transfer(0.0) {
			55.87 ± 0.19 tx/µs
			1.173ms ± 4µs	(scheduling: 447µs ± 2µs, execution: 452µs ± 2µs)
		}
		Transfer(0.5) {
			46.58 ± 0.07 tx/µs
			1.407ms ± 2µs	(scheduling: 545µs ± 1µs, execution: 511µs ± 1µs)
		}
		PreviousDHashMap(7, 64, 1024; 0.7, 0.05, 0.05, 0.2) {
			13.96 ± 0.01 tx/µs
			4.696ms ± 2µs	(scheduling: 688µs ± 0ns, execution: 2.966ms ± 1µs)
		}
		PreviousDHashMap(7, 64, 1024; 0.25, 0.25, 0.25, 0.25) {
			9.37 ± 0.01 tx/µs
			6.994ms ± 9µs	(scheduling: 1.851ms ± 4µs, execution: 4.297ms ± 2µs)
		}
		PreviousDHashMap(7, 64, 4098; 0.7, 0.05, 0.05, 0.2) {
			13.60 ± 0.01 tx/µs
			4.819ms ± 2µs	(scheduling: 674µs ± 0ns, execution: 3.06ms ± 1µs)
		}
		PreviousDHashMap(7, 64, 4098; 0.25, 0.25, 0.25, 0.25) {
			9.97 ± 0.01 tx/µs
			6.575ms ± 5µs	(scheduling: 1.676ms ± 2µs, execution: 4.166ms ± 1µs)
		}
	}
	4 schedulers, 8 executors {
		Transfer(0.0) {
			65.27 ± 0.13 tx/µs
			1.004ms ± 2µs	(scheduling: 445µs ± 1µs, execution: 345µs ± 1µs)
		}
		Transfer(0.5) {
			48.58 ± 0.07 tx/µs
			1.349ms ± 2µs	(scheduling: 542µs ± 1µs, execution: 311µs ± 0ns)
		}
		PreviousDHashMap(7, 64, 1024; 0.7, 0.05, 0.05, 0.2) {
			17.57 ± 0.01 tx/µs
			3.73ms ± 2µs	(scheduling: 677µs ± 1µs, execution: 1.571ms ± 0ns)
		}
		PreviousDHashMap(7, 64, 1024; 0.25, 0.25, 0.25, 0.25) {
			11.60 ± 0.01 tx/µs
			5.649ms ± 3µs	(scheduling: 1.767ms ± 6µs, execution: 2.368ms ± 1µs)
		}
		PreviousDHashMap(7, 64, 4098; 0.7, 0.05, 0.05, 0.2) {
			17.52 ± 0.01 tx/µs
			3.741ms ± 2µs	(scheduling: 669µs ± 1µs, execution: 1.599ms ± 0ns)
		}
		PreviousDHashMap(7, 64, 4098; 0.25, 0.25, 0.25, 0.25) {
			11.71 ± 0.01 tx/µs
			5.595ms ± 7µs	(scheduling: 1.629ms ± 2µs, execution: 2.276ms ± 1µs)
		}
	}
}
