Collect {
	8 schedulers, 2 executors {
		Transfer(0.0) {
			51.44 ± 0.24 tx/µs
			1.274ms ± 6µs	(scheduling: 213µs ± 0ns, execution: 799µs ± 4µs)
		}
		Transfer(0.5) {
			46.41 ± 0.13 tx/µs
			1.412ms ± 4µs	(scheduling: 221µs ± 1µs, execution: 802µs ± 3µs)
		}
		PreviousDHashMap(7, 64, 1024; 0.7, 0.05, 0.05, 0.2) {
			8.84 ± 0.01 tx/µs
			7.414ms ± 8µs	(scheduling: 316µs ± 2µs, execution: 5.765ms ± 2µs)
		}
		PreviousDHashMap(7, 64, 1024; 0.25, 0.25, 0.25, 0.25) {
			6.59 ± 0.00 tx/µs
			9.949ms ± 5µs	(scheduling: 608µs ± 0ns, execution: 7.729ms ± 2µs)
		}
		PreviousDHashMap(7, 64, 4098; 0.7, 0.05, 0.05, 0.2) {
			8.66 ± 0.01 tx/µs
			7.564ms ± 5µs	(scheduling: 307µs ± 0ns, execution: 5.944ms ± 2µs)
		}
		PreviousDHashMap(7, 64, 4098; 0.25, 0.25, 0.25, 0.25) {
			6.82 ± 0.00 tx/µs
			9.614ms ± 7µs	(scheduling: 628µs ± 2µs, execution: 7.439ms ± 3µs)
		}
	}
	8 schedulers, 4 executors {
		Transfer(0.0) {
			72.90 ± 0.08 tx/µs
			899µs ± 1µs	(scheduling: 213µs ± 0ns, execution: 405µs ± 1µs)
		}
		Transfer(0.5) {
			53.41 ± 0.09 tx/µs
			1.227ms ± 2µs	(scheduling: 227µs ± 0ns, execution: 438µs ± 1µs)
		}
		PreviousDHashMap(7, 64, 1024; 0.7, 0.05, 0.05, 0.2) {
			12.76 ± 0.01 tx/µs
			5.135ms ± 3µs	(scheduling: 311µs ± 0ns, execution: 2.983ms ± 1µs)
		}
		PreviousDHashMap(7, 64, 1024; 0.25, 0.25, 0.25, 0.25) {
			9.31 ± 0.00 tx/µs
			7.038ms ± 3µs	(scheduling: 732µs ± 1µs, execution: 4.083ms ± 1µs)
		}
		PreviousDHashMap(7, 64, 4098; 0.7, 0.05, 0.05, 0.2) {
			12.68 ± 0.01 tx/µs
			5.168ms ± 3µs	(scheduling: 317µs ± 0ns, execution: 3.053ms ± 1µs)
		}
		PreviousDHashMap(7, 64, 4098; 0.25, 0.25, 0.25, 0.25) {
			9.48 ± 0.02 tx/µs
			6.915ms ± 13µs	(scheduling: 650µs ± 4µs, execution: 3.962ms ± 3µs)
		}
	}
	8 schedulers, 7 executors {
		Transfer(0.0) {
			85.56 ± 0.11 tx/µs
			766µs ± 1µs	(scheduling: 228µs ± 0ns, execution: 269µs ± 0ns)
		}
		Transfer(0.5) {
			51.52 ± 0.04 tx/µs
			1.272ms ± 1µs	(scheduling: 246µs ± 0ns, execution: 318µs ± 0ns)
		}
		PreviousDHashMap(7, 64, 1024; 0.7, 0.05, 0.05, 0.2) {
			14.63 ± 0.01 tx/µs
			4.48ms ± 3µs	(scheduling: 327µs ± 1µs, execution: 1.722ms ± 0ns)
		}
		PreviousDHashMap(7, 64, 1024; 0.25, 0.25, 0.25, 0.25) {
			10.19 ± 0.00 tx/µs
			6.429ms ± 3µs	(scheduling: 811µs ± 1µs, execution: 2.362ms ± 1µs)
		}
		PreviousDHashMap(7, 64, 4098; 0.7, 0.05, 0.05, 0.2) {
			14.94 ± 0.01 tx/µs
			4.386ms ± 3µs	(scheduling: 309µs ± 0ns, execution: 1.764ms ± 0ns)
		}
		PreviousDHashMap(7, 64, 4098; 0.25, 0.25, 0.25, 0.25) {
			10.48 ± 0.03 tx/µs
			6.255ms ± 16µs	(scheduling: 748µs ± 3µs, execution: 2.32ms ± 1µs)
		}
	}
	8 schedulers, 12 executors {
        Transfer(0.0) {
            83.91 ± 0.11 tx/µs
            781µs ± 1µs	(scheduling: 196µs ± 0ns, execution: 262µs ± 0ns)
        }
        Transfer(0.5) {
            41.32 ± 0.03 tx/µs
            1.586ms ± 1µs	(scheduling: 214µs ± 0ns, execution: 302µs ± 0ns)
        }
        PreviousDHashMap(7, 64, 1024; 0.7, 0.05, 0.05, 0.2) {
            12.77 ± 0.01 tx/µs
            5.134ms ± 3µs	(scheduling: 339µs ± 1µs, execution: 1.288ms ± 0ns)
        }
        PreviousDHashMap(7, 64, 1024; 0.25, 0.25, 0.25, 0.25) {
            8.29 ± 0.02 tx/µs
            7.906ms ± 16µs	(scheduling: 751µs ± 2µs, execution: 1.798ms ± 5µs)
        }
        PreviousDHashMap(7, 64, 4098; 0.7, 0.05, 0.05, 0.2) {
            13.37 ± 0.02 tx/µs
            4.903ms ± 7µs	(scheduling: 321µs ± 0ns, execution: 1.286ms ± 4µs)
        }
        PreviousDHashMap(7, 64, 4098; 0.25, 0.25, 0.25, 0.25) {
            8.86 ± 0.02 tx/µs
            7.399ms ± 14µs	(scheduling: 659µs ± 2µs, execution: 1.664ms ± 2µs)
        }
    }
	8 schedulers, 16 executors {
        Transfer(0.0) {
            75.07 ± 0.09 tx/µs
            873µs ± 1µs	(scheduling: 195µs ± 0ns, execution: 206µs ± 0ns)
        }
        Transfer(0.5) {
            35.06 ± 0.02 tx/µs
            1.869ms ± 1µs	(scheduling: 212µs ± 0ns, execution: 232µs ± 0ns)
        }
        PreviousDHashMap(7, 64, 1024; 0.7, 0.05, 0.05, 0.2) {
            11.65 ± 0.01 tx/µs
            5.626ms ± 3µs	(scheduling: 320µs ± 1µs, execution: 992µs ± 2µs)
        }
        PreviousDHashMap(7, 64, 1024; 0.25, 0.25, 0.25, 0.25) {
            7.24 ± 0.01 tx/µs
            9.048ms ± 13µs	(scheduling: 768µs ± 1µs, execution: 1.413ms ± 1µs)
        }
        PreviousDHashMap(7, 64, 4098; 0.7, 0.05, 0.05, 0.2) {
            11.82 ± 0.01 tx/µs
            5.546ms ± 3µs	(scheduling: 326µs ± 0ns, execution: 998µs ± 0ns)
        }
        PreviousDHashMap(7, 64, 4098; 0.25, 0.25, 0.25, 0.25) {
            7.60 ± 0.02 tx/µs
            8.627ms ± 19µs	(scheduling: 695µs ± 2µs, execution: 1.373ms ± 1µs)
        }
    }
    8 schedulers, 22 executors {
		Transfer(0.0) {
			56.69 ± 0.05 tx/µs
			1.156ms ± 1µs	(scheduling: 191µs ± 0ns, execution: 142µs ± 0ns)
		}
		Transfer(0.5) {
			28.48 ± 0.04 tx/µs
			2.301ms ± 3µs	(scheduling: 222µs ± 1µs, execution: 177µs ± 0ns)
		}
		PreviousDHashMap(7, 64, 1024; 0.7, 0.05, 0.05, 0.2) {
			9.51 ± 0.02 tx/µs
			6.893ms ± 16µs	(scheduling: 314µs ± 1µs, execution: 778µs ± 1µs)
		}
		PreviousDHashMap(7, 64, 1024; 0.25, 0.25, 0.25, 0.25) {
			5.79 ± 0.01 tx/µs
			11.313ms ± 21µs	(scheduling: 764µs ± 2µs, execution: 1.082ms ± 1µs)
		}
		PreviousDHashMap(7, 64, 4098; 0.7, 0.05, 0.05, 0.2) {
			9.67 ± 0.01 tx/µs
			6.78ms ± 9µs	(scheduling: 315µs ± 1µs, execution: 805µs ± 1µs)
		}
		PreviousDHashMap(7, 64, 4098; 0.25, 0.25, 0.25, 0.25) {
			5.99 ± 0.02 tx/µs
			10.934ms ± 35µs	(scheduling: 692µs ± 3µs, execution: 1.056ms ± 2µs)
		}
	}
}
