Collect {
	12 schedulers, 2 executors {
		Transfer(0.0) {
			52.89 ± 0.34 tx/µs
			1.239ms ± 8µs	(scheduling: 153µs ± 1µs, execution: 778µs ± 5µs)
		}
		Transfer(0.5) {
			47.52 ± 0.17 tx/µs
			1.379ms ± 5µs	(scheduling: 160µs ± 1µs, execution: 832µs ± 3µs)
		}
		PreviousDHashMap(7, 64, 1024; 0.7, 0.05, 0.05, 0.2) {
			8.49 ± 0.01 tx/µs
			7.723ms ± 8µs	(scheduling: 225µs ± 1µs, execution: 5.91ms ± 2µs)
		}
		PreviousDHashMap(7, 64, 1024; 0.25, 0.25, 0.25, 0.25) {
			6.50 ± 0.00 tx/µs
			10.09ms ± 5µs	(scheduling: 406µs ± 1µs, execution: 7.698ms ± 2µs)
		}
		PreviousDHashMap(7, 64, 4098; 0.7, 0.05, 0.05, 0.2) {
			8.37 ± 0.01 tx/µs
			7.833ms ± 6µs	(scheduling: 220µs ± 0ns, execution: 6.035ms ± 2µs)
		}
		PreviousDHashMap(7, 64, 4098; 0.25, 0.25, 0.25, 0.25) {
			6.66 ± 0.00 tx/µs
			9.838ms ± 6µs	(scheduling: 397µs ± 1µs, execution: 7.516ms ± 3µs)
		}
	}
	12 schedulers, 4 executors {
		Transfer(0.0) {
			73.47 ± 0.08 tx/µs
			892µs ± 1µs	(scheduling: 158µs ± 0ns, execution: 424µs ± 1µs)
		}
		Transfer(0.5) {
			48.40 ± 0.04 tx/µs
			1.354ms ± 1µs	(scheduling: 162µs ± 0ns, execution: 485µs ± 1µs)
		}
		PreviousDHashMap(7, 64, 1024; 0.7, 0.05, 0.05, 0.2) {
			12.02 ± 0.01 tx/µs
			5.452ms ± 4µs	(scheduling: 221µs ± 0ns, execution: 2.997ms ± 1µs)
		}
		PreviousDHashMap(7, 64, 1024; 0.25, 0.25, 0.25, 0.25) {
			8.83 ± 0.00 tx/µs
			7.42ms ± 3µs	(scheduling: 458µs ± 1µs, execution: 4.071ms ± 1µs)
		}
		PreviousDHashMap(7, 64, 4098; 0.7, 0.05, 0.05, 0.2) {
			11.94 ± 0.03 tx/µs
			5.49ms ± 13µs	(scheduling: 232µs ± 0ns, execution: 3.107ms ± 1µs)
		}
		PreviousDHashMap(7, 64, 4098; 0.25, 0.25, 0.25, 0.25) {
			9.09 ± 0.01 tx/µs
			7.21ms ± 4µs	(scheduling: 431µs ± 1µs, execution: 3.969ms ± 1µs)
		}
	}
	12 schedulers, 8 executors {
        Transfer(0.0) {
            75.42 ± 0.52 tx/µs
            869µs ± 6µs	(scheduling: 140µs ± 0ns, execution: 335µs ± 4µs)
        }
        Transfer(0.5) {
            44.04 ± 0.03 tx/µs
            1.488ms ± 1µs	(scheduling: 164µs ± 0ns, execution: 279µs ± 1µs)
        }
        PreviousDHashMap(7, 64, 1024; 0.7, 0.05, 0.05, 0.2) {
            13.11 ± 0.01 tx/µs
            5ms ± 2µs	(scheduling: 239µs ± 0ns, execution: 1.582ms ± 0ns)
        }
        PreviousDHashMap(7, 64, 1024; 0.25, 0.25, 0.25, 0.25) {
            8.70 ± 0.02 tx/µs
            7.534ms ± 20µs	(scheduling: 477µs ± 1µs, execution: 2.364ms ± 11µs)
        }
        PreviousDHashMap(7, 64, 4098; 0.7, 0.05, 0.05, 0.2) {
            13.92 ± 0.01 tx/µs
            4.707ms ± 3µs	(scheduling: 220µs ± 0ns, execution: 1.579ms ± 0ns)
        }
        PreviousDHashMap(7, 64, 4098; 0.25, 0.25, 0.25, 0.25) {
            9.57 ± 0.02 tx/µs
            6.848ms ± 16µs	(scheduling: 426µs ± 1µs, execution: 2.158ms ± 9µs)
        }
    }
    12 schedulers, 12 executors {
        Transfer(0.0) {
            80.22 ± 0.20 tx/µs
            817µs ± 2µs	(scheduling: 147µs ± 0ns, execution: 207µs ± 2µs)
        }
        Transfer(0.5) {
            36.76 ± 0.02 tx/µs
            1.783ms ± 1µs	(scheduling: 162µs ± 0ns, execution: 202µs ± 0ns)
        }
        PreviousDHashMap(7, 64, 1024; 0.7, 0.05, 0.05, 0.2) {
            12.02 ± 0.02 tx/µs
            5.45ms ± 9µs	(scheduling: 248µs ± 0ns, execution: 1.083ms ± 0ns)
        }
        PreviousDHashMap(7, 64, 1024; 0.25, 0.25, 0.25, 0.25) {
            8.05 ± 0.00 tx/µs
            8.138ms ± 4µs	(scheduling: 500µs ± 1µs, execution: 1.498ms ± 0ns)
        }
        PreviousDHashMap(7, 64, 4098; 0.7, 0.05, 0.05, 0.2) {
            12.89 ± 0.02 tx/µs
            5.084ms ± 6µs	(scheduling: 238µs ± 0ns, execution: 1.1ms ± 3µs)
        }
        PreviousDHashMap(7, 64, 4098; 0.25, 0.25, 0.25, 0.25) {
            7.95 ± 0.01 tx/µs
            8.241ms ± 15µs	(scheduling: 438µs ± 2µs, execution: 1.653ms ± 5µs)
        }
    }
    12 schedulers, 14 executors {
        Transfer(0.0) {
            75.59 ± 0.44 tx/µs
            867µs ± 5µs	(scheduling: 161µs ± 1µs, execution: 155µs ± 2µs)
        }
        Transfer(0.5) {
            33.37 ± 0.02 tx/µs
            1.964ms ± 1µs	(scheduling: 165µs ± 1µs, execution: 182µs ± 0ns)
        }
        PreviousDHashMap(7, 64, 1024; 0.7, 0.05, 0.05, 0.2) {
            11.17 ± 0.01 tx/µs
            5.868ms ± 3µs	(scheduling: 256µs ± 1µs, execution: 941µs ± 0ns)
        }
        PreviousDHashMap(7, 64, 1024; 0.25, 0.25, 0.25, 0.25) {
            7.33 ± 0.00 tx/µs
            8.939ms ± 4µs	(scheduling: 506µs ± 2µs, execution: 1.305ms ± 0ns)
        }
        PreviousDHashMap(7, 64, 4098; 0.7, 0.05, 0.05, 0.2) {
            11.96 ± 0.01 tx/µs
            5.479ms ± 3µs	(scheduling: 257µs ± 0ns, execution: 955µs ± 0ns)
        }
        PreviousDHashMap(7, 64, 4098; 0.25, 0.25, 0.25, 0.25) {
            7.81 ± 0.00 tx/µs
            8.393ms ± 5µs	(scheduling: 486µs ± 1µs, execution: 1.264ms ± 0ns)
        }
    }
    12 schedulers, 16 executors {
		Transfer(0.0) {
			65.15 ± 0.13 tx/µs
			1.006ms ± 2µs	(scheduling: 136µs ± 0ns, execution: 212µs ± 2µs)
		}
		Transfer(0.5) {
			28.05 ± 0.04 tx/µs
			2.336ms ± 3µs	(scheduling: 139µs ± 0ns, execution: 239µs ± 1µs)
		}
		PreviousDHashMap(7, 64, 1024; 0.7, 0.05, 0.05, 0.2) {
			9.58 ± 0.01 tx/µs
			6.841ms ± 9µs	(scheduling: 230µs ± 1µs, execution: 1.04ms ± 1µs)
		}
		PreviousDHashMap(7, 64, 1024; 0.25, 0.25, 0.25, 0.25) {
			6.26 ± 0.00 tx/µs
			10.462ms ± 6µs	(scheduling: 458µs ± 1µs, execution: 1.424ms ± 1µs)
		}
		PreviousDHashMap(7, 64, 4098; 0.7, 0.05, 0.05, 0.2) {
			10.20 ± 0.01 tx/µs
			6.423ms ± 4µs	(scheduling: 221µs ± 0ns, execution: 1.081ms ± 1µs)
		}
		PreviousDHashMap(7, 64, 4098; 0.25, 0.25, 0.25, 0.25) {
			6.62 ± 0.01 tx/µs
			9.903ms ± 16µs	(scheduling: 439µs ± 1µs, execution: 1.385ms ± 2µs)
		}
	}
}
