Collect {
	12 schedulers, 2 executors {
		Transfer(0.0) {
			53.24 ± 0.26 tx/µs
			1.231ms ± 6µs	(scheduling: 152µs ± 1µs, execution: 762µs ± 2µs)
		}
		Transfer(0.5) {
			47.01 ± 0.14 tx/µs
			1.394ms ± 4µs	(scheduling: 156µs ± 1µs, execution: 838µs ± 2µs)
		}
		PreviousDHashMap(7, 64, 1024; 0.7, 0.05, 0.05, 0.2) {
			8.49 ± 0.01 tx/µs
			7.72ms ± 7µs	(scheduling: 236µs ± 2µs, execution: 5.905ms ± 2µs)
		}
		PreviousDHashMap(7, 64, 1024; 0.25, 0.25, 0.25, 0.25) {
			6.37 ± 0.00 tx/µs
			10.286ms ± 6µs	(scheduling: 484µs ± 1µs, execution: 7.895ms ± 2µs)
		}
		PreviousDHashMap(7, 64, 4098; 0.7, 0.05, 0.05, 0.2) {
			8.26 ± 0.01 tx/µs
			7.933ms ± 9µs	(scheduling: 232µs ± 1µs, execution: 6.117ms ± 3µs)
		}
		PreviousDHashMap(7, 64, 4098; 0.25, 0.25, 0.25, 0.25) {
			6.48 ± 0.01 tx/µs
			10.118ms ± 10µs	(scheduling: 488µs ± 2µs, execution: 7.74ms ± 4µs)
		}
	}
	12 schedulers, 4 executors {
		Transfer(0.0) {
			72.02 ± 0.08 tx/µs
			910µs ± 1µs	(scheduling: 153µs ± 0ns, execution: 427µs ± 1µs)
		}
		Transfer(0.5) {
			47.80 ± 0.03 tx/µs
			1.371ms ± 1µs	(scheduling: 160µs ± 0ns, execution: 481µs ± 1µs)
		}
		PreviousDHashMap(7, 64, 1024; 0.7, 0.05, 0.05, 0.2) {
			11.90 ± 0.00 tx/µs
			5.508ms ± 2µs	(scheduling: 230µs ± 0ns, execution: 3.035ms ± 1µs)
		}
		PreviousDHashMap(7, 64, 1024; 0.25, 0.25, 0.25, 0.25) {
			8.69 ± 0.01 tx/µs
			7.544ms ± 5µs	(scheduling: 482µs ± 1µs, execution: 4.152ms ± 1µs)
		}
		PreviousDHashMap(7, 64, 4098; 0.7, 0.05, 0.05, 0.2) {
			12.03 ± 0.01 tx/µs
			5.447ms ± 3µs	(scheduling: 233µs ± 0ns, execution: 3.108ms ± 1µs)
		}
		PreviousDHashMap(7, 64, 4098; 0.25, 0.25, 0.25, 0.25) {
			9.04 ± 0.01 tx/µs
			7.246ms ± 6µs	(scheduling: 444µs ± 1µs, execution: 4.009ms ± 2µs)
		}
	}
}
