Sequential {
	16 schedulers, 15 executors {
		Transfer(0.0) {
			31.40 ± 1.17 tx/µs
			2.087ms ± 75µs
		}
		Transfer(0.5) {
			36.09 ± 0.71 tx/µs
			1.816ms ± 35µs
		}
		Fibonacci(10) {
			6.34 ± 0.00 tx/µs
			10.339ms ± 1µs
		}
		Fibonacci(15) {
			0.57 ± 0.00 tx/µs
			114.371ms ± 204µs
		}
		Fibonacci(20) {
			0.05 ± 0.00 tx/µs
			1.279704s ± 311µs
		}
		PreviousDHashMap(7, 64, 1024; 0.2, 0.2, 0.2, 0.2) {
			2.52 ± 0.00 tx/µs
			25.956ms ± 9µs
		}
		PieceDHashMap(7, 64, 1024; 0.2, 0.2, 0.2, 0.2) {
			2.48 ± 0.00 tx/µs
			26.472ms ± 11µs
		}
	}
}
ParallelCollect {
	16 schedulers, 15 executors {
		Transfer(0.0) {
			21.40 ± 0.49 tx/µs
			3.063ms ± 69µs	(scheduling: 781µs ± 26µs, execution: 2.493ms ± 42µs)
		}
		Transfer(0.5) {
			15.93 ± 0.38 tx/µs
			4.114ms ± 97µs	(scheduling: 911µs ± 19µs, execution: 3.566ms ± 94µs)
		}
		Fibonacci(10) {
			19.69 ± 0.14 tx/µs
			3.328ms ± 23µs	(scheduling: 307µs ± 13µs, execution: 3.141ms ± 20µs)
		}
		Fibonacci(15) {
			3.88 ± 0.01 tx/µs
			16.901ms ± 23µs	(scheduling: 1.031ms ± 54µs, execution: 16.706ms ± 21µs)
		}
		Fibonacci(20) {
			0.39 ± 0.00 tx/µs
			167.244ms ± 269µs	(scheduling: 9.554ms ± 763µs, execution: 167.028ms ± 269µs)
		}
		PreviousDHashMap(7, 64, 1024; 0.2, 0.2, 0.2, 0.2) {
			2.82 ± 0.04 tx/µs
			23.256ms ± 321µs	(scheduling: 2.932ms ± 47µs, execution: 22.333ms ± 315µs)
		}
		PieceDHashMap(7, 64, 1024; 0.2, 0.2, 0.2, 0.2) {
			2.02 ± 0.02 tx/µs
			32.454ms ± 291µs	(scheduling: 3.225ms ± 39µs, execution: 31.285ms ± 289µs)
		}
	}
}
ParallelImmediate {
	16 schedulers, 15 executors {
		Transfer(0.0) {
			23.17 ± 0.43 tx/µs
			2.828ms ± 51µs	(scheduling: 750µs ± 13µs, execution: 2.408ms ± 45µs)
		}
		Transfer(0.5) {
			17.70 ± 0.60 tx/µs
			3.703ms ± 122µs	(scheduling: 898µs ± 17µs, execution: 3.231ms ± 120µs)
		}
		Fibonacci(10) {
			19.71 ± 0.14 tx/µs
			3.325ms ± 24µs	(scheduling: 306µs ± 12µs, execution: 3.141ms ± 21µs)
		}
		Fibonacci(15) {
			3.87 ± 0.00 tx/µs
			16.92ms ± 18µs	(scheduling: 1.074ms ± 63µs, execution: 16.723ms ± 18µs)
		}
		Fibonacci(20) {
			0.39 ± 0.00 tx/µs
			167.163ms ± 328µs	(scheduling: 9.785ms ± 752µs, execution: 166.95ms ± 329µs)
		}
		PreviousDHashMap(7, 64, 1024; 0.2, 0.2, 0.2, 0.2) {
			1.24 ± 0.02 tx/µs
			52.809ms ± 810µs	(scheduling: 6.788ms ± 129µs, execution: 52.309ms ± 807µs)
		}
		PieceDHashMap(7, 64, 1024; 0.2, 0.2, 0.2, 0.2) {
			0.16 ± 0.00 tx/µs
			410.234ms ± 2.661ms	(scheduling: 33.902ms ± 763µs, execution: 409.113ms ± 2.657ms)
		}
	}
}
Collect {
	16 schedulers, 15 executors {
		Transfer(0.0) {
			19.79 ± 2.66 tx/µs
			3.311ms ± 392µs	(scheduling: 220µs ± 12µs, execution: 292µs ± 8µs)
		}
		Transfer(0.5) {
			14.78 ± 0.61 tx/µs
			4.435ms ± 177µs	(scheduling: 188µs ± 9µs, execution: 293µs ± 6µs)
		}
		Fibonacci(10) {
			22.87 ± 0.02 tx/µs
			2.866ms ± 3µs	(scheduling: 36µs ± 1µs, execution: 1.033ms ± 1µs)
		}
		Fibonacci(15) {
			6.15 ± 0.26 tx/µs
			10.663ms ± 425µs	(scheduling: 44µs ± 0ns, execution: 8.535ms ± 289µs)
		}
		Fibonacci(20) {
			0.72 ± 0.02 tx/µs
			90.821ms ± 1.961ms	(scheduling: 51µs ± 1µs, execution: 88.466ms ± 1.704ms)
		}
		PreviousDHashMap(7, 64, 1024; 0.2, 0.2, 0.2, 0.2) {
			4.00 ± 0.08 tx/µs
			16.374ms ± 334µs	(scheduling: 795µs ± 14µs, execution: 2.455ms ± 86µs)
		}
		PieceDHashMap(7, 64, 1024; 0.2, 0.2, 0.2, 0.2) {
			2.83 ± 0.04 tx/µs
			23.17ms ± 317µs	(scheduling: 857µs ± 4µs, execution: 2.493ms ± 74µs)
		}
	}
}
Immediate {
	16 schedulers, 15 executors {
		Transfer(0.0) {
			22.38 ± 2.55 tx/µs
			2.928ms ± 299µs	(scheduling: 302µs ± 2µs, execution: 285µs ± 4µs)
		}
		Transfer(0.5) {
			16.11 ± 0.02 tx/µs
			4.067ms ± 6µs	(scheduling: 308µs ± 1µs, execution: 275µs ± 2µs)
		}
		Fibonacci(10) {
			26.36 ± 0.11 tx/µs
			2.486ms ± 10µs	(scheduling: 39µs ± 0ns, execution: 715µs ± 3µs)
		}
		Fibonacci(15) {
			6.13 ± 0.31 tx/µs
			10.685ms ± 518µs	(scheduling: 46µs ± 0ns, execution: 8.68ms ± 369µs)
		}
		Fibonacci(20) {
			0.73 ± 0.01 tx/µs
			89.992ms ± 1.639ms	(scheduling: 50µs ± 1µs, execution: 88.012ms ± 1.573ms)
		}
		PreviousDHashMap(7, 64, 1024; 0.2, 0.2, 0.2, 0.2) {
			1.54 ± 0.01 tx/µs
			42.541ms ± 347µs	(scheduling: 634µs ± 11µs, execution: 2.815ms ± 86µs)
		}
		PieceDHashMap(7, 64, 1024; 0.2, 0.2, 0.2, 0.2) {
			0.26 ± 0.00 tx/µs
			256.648ms ± 1.068ms	(scheduling: 830µs ± 15µs, execution: 5.434ms ± 114µs)
		}
	}
}
Done. Took 306.52s

