Sequential {
	16 schedulers, 15 executors {
		Transfer(0.0) {
			30.81 ± 0.52 tx/µs
			2.127ms ± 35µs
		}
		Transfer(0.5) {
			36.19 ± 0.96 tx/µs
			1.811ms ± 47µs
		}
		TransferPiece(0.0) {
			8.73 ± 0.19 tx/µs
			7.503ms ± 163µs
		}
		TransferPiece(0.5) {
			9.91 ± 0.19 tx/µs
			6.612ms ± 124µs
		}
		Fibonacci(10) {
			6.44 ± 0.00 tx/µs
			10.181ms ± 2µs
		}
		Fibonacci(15) {
			0.57 ± 0.00 tx/µs
			114.325ms ± 19µs
		}
		Fibonacci(20) {
			0.05 ± 0.00 tx/µs
			1.275218s ± 42µs
		}
		PreviousDHashMap(7, 64, 1024; 0.2, 0.2, 0.2, 0.2) {
			6.26 ± 0.00 tx/µs
			10.467ms ± 5µs
		}
		PieceDHashMap(7, 64, 1024; 0.2, 0.2, 0.2, 0.2) {
			5.79 ± 0.00 tx/µs
			11.323ms ± 5µs
		}
	}
}
ParallelCollect {
	16 schedulers, 15 executors {
		Transfer(0.0) {
			22.51 ± 0.60 tx/µs
			2.911ms ± 75µs	(scheduling: 771µs ± 26µs, execution: 2.424ms ± 39µs)
		}
		Transfer(0.5) {
			15.93 ± 0.45 tx/µs
			4.113ms ± 114µs	(scheduling: 927µs ± 23µs, execution: 3.583ms ± 108µs)
		}
		TransferPiece(0.0) {
			5.50 ± 0.06 tx/µs
			11.906ms ± 123µs	(scheduling: 1.064ms ± 47µs, execution: 11.231ms ± 89µs)
		}
		TransferPiece(0.5) {
			5.04 ± 0.04 tx/µs
			13.006ms ± 106µs	(scheduling: 1.137ms ± 27µs, execution: 12.352ms ± 103µs)
		}
		Fibonacci(10) {
			19.80 ± 0.20 tx/µs
			3.31ms ± 33µs	(scheduling: 309µs ± 13µs, execution: 3.124ms ± 31µs)
		}
		Fibonacci(15) {
			3.87 ± 0.01 tx/µs
			16.914ms ± 22µs	(scheduling: 1.052ms ± 65µs, execution: 16.713ms ± 20µs)
		}
		Fibonacci(20) {
			0.39 ± 0.00 tx/µs
			166.889ms ± 387µs	(scheduling: 9.409ms ± 710µs, execution: 166.664ms ± 389µs)
		}
		PreviousDHashMap(7, 64, 1024; 0.2, 0.2, 0.2, 0.2) {
			3.28 ± 0.05 tx/µs
			20.001ms ± 289µs	(scheduling: 2.791ms ± 49µs, execution: 19.059ms ± 287µs)
		}
		PieceDHashMap(7, 64, 1024; 0.2, 0.2, 0.2, 0.2) {
			2.22 ± 0.02 tx/µs
			29.523ms ± 301µs	(scheduling: 3.076ms ± 35µs, execution: 28.368ms ± 300µs)
		}
	}
}
ParallelImmediate {
	16 schedulers, 15 executors {
		Transfer(0.0) {
			22.49 ± 0.30 tx/µs
			2.914ms ± 38µs	(scheduling: 742µs ± 12µs, execution: 2.442ms ± 36µs)
		}
		Transfer(0.5) {
			16.31 ± 0.46 tx/µs
			4.018ms ± 110µs	(scheduling: 915µs ± 17µs, execution: 3.479ms ± 107µs)
		}
		TransferPiece(0.0) {
			3.43 ± 0.11 tx/µs
			19.087ms ± 577µs	(scheduling: 4.249ms ± 44µs, execution: 18.606ms ± 576µs)
		}
		TransferPiece(0.5) {
			3.15 ± 0.09 tx/µs
			20.833ms ± 556µs	(scheduling: 4.43ms ± 38µs, execution: 20.34ms ± 557µs)
		}
		Fibonacci(10) {
			20.00 ± 0.14 tx/µs
			3.277ms ± 23µs	(scheduling: 302µs ± 12µs, execution: 3.093ms ± 20µs)
		}
		Fibonacci(15) {
			3.88 ± 0.01 tx/µs
			16.9ms ± 22µs	(scheduling: 1.06ms ± 66µs, execution: 16.709ms ± 21µs)
		}
		Fibonacci(20) {
			0.39 ± 0.00 tx/µs
			166.932ms ± 388µs	(scheduling: 9.66ms ± 734µs, execution: 166.716ms ± 388µs)
		}
		PreviousDHashMap(7, 64, 1024; 0.2, 0.2, 0.2, 0.2) {
			1.31 ± 0.02 tx/µs
			50.112ms ± 602µs	(scheduling: 4.938ms ± 47µs, execution: 49.613ms ± 602µs)
		}
		PieceDHashMap(7, 64, 1024; 0.2, 0.2, 0.2, 0.2) {
			0.16 ± 0.00 tx/µs
			405.119ms ± 2.192ms	(scheduling: 31.944ms ± 745µs, execution: 404.02ms ± 2.189ms)
		}
	}
}
Collect {
	16 schedulers, 15 executors {
		Transfer(0.0) {
			22.69 ± 0.10 tx/µs
			2.888ms ± 13µs	(scheduling: 163µs ± 6µs, execution: 300µs ± 5µs)
		}
		Transfer(0.5) {
			14.42 ± 0.11 tx/µs
			4.545ms ± 33µs	(scheduling: 216µs ± 11µs, execution: 325µs ± 8µs)
		}
		TransferPiece(0.0) {
			12.24 ± 0.08 tx/µs
			5.356ms ± 35µs	(scheduling: 332µs ± 4µs, execution: 578µs ± 17µs)
		}
		TransferPiece(0.5) {
			7.82 ± 0.24 tx/µs
			8.385ms ± 252µs	(scheduling: 366µs ± 4µs, execution: 661µs ± 13µs)
		}
		Fibonacci(10) {
			19.76 ± 3.74 tx/µs
			3.316ms ± 528µs	(scheduling: 40µs ± 1µs, execution: 993µs ± 35µs)
		}
		Fibonacci(15) {
			6.67 ± 0.04 tx/µs
			9.83ms ± 56µs	(scheduling: 46µs ± 1µs, execution: 8.048ms ± 6µs)
		}
		Fibonacci(20) {
			0.73 ± 0.01 tx/µs
			89.554ms ± 1.407ms	(scheduling: 52µs ± 1µs, execution: 87.507ms ± 1.323ms)
		}
		PreviousDHashMap(7, 64, 1024; 0.2, 0.2, 0.2, 0.2) {
			4.25 ± 0.06 tx/µs
			15.42ms ± 223µs	(scheduling: 756µs ± 4µs, execution: 942µs ± 8µs)
		}
		PieceDHashMap(7, 64, 1024; 0.2, 0.2, 0.2, 0.2) {
			2.97 ± 0.07 tx/µs
			22.035ms ± 518µs	(scheduling: 1.026ms ± 275µs, execution: 1.075ms ± 20µs)
		}
	}
}
Immediate {
	16 schedulers, 15 executors {
		Transfer(0.0) {
			24.10 ± 0.06 tx/µs
			2.719ms ± 7µs	(scheduling: 301µs ± 1µs, execution: 271µs ± 1µs)
		}
		Transfer(0.5) {
			15.92 ± 0.08 tx/µs
			4.116ms ± 21µs	(scheduling: 310µs ± 2µs, execution: 275µs ± 2µs)
		}
		TransferPiece(0.0) {
			3.62 ± 0.08 tx/µs
			18.104ms ± 404µs	(scheduling: 395µs ± 4µs, execution: 657µs ± 14µs)
		}
		TransferPiece(0.5) {
			3.00 ± 0.05 tx/µs
			21.865ms ± 364µs	(scheduling: 413µs ± 3µs, execution: 656µs ± 14µs)
		}
		Fibonacci(10) {
			23.57 ± 4.30 tx/µs
			2.78ms ± 429µs	(scheduling: 39µs ± 1µs, execution: 717µs ± 16µs)
		}
		Fibonacci(15) {
			6.36 ± 0.25 tx/µs
			10.307ms ± 391µs	(scheduling: 46µs ± 0ns, execution: 8.349ms ± 218µs)
		}
		Fibonacci(20) {
			0.73 ± 0.01 tx/µs
			89.759ms ± 1.666ms	(scheduling: 49µs ± 0ns, execution: 87.648ms ± 1.561ms)
		}
		PreviousDHashMap(7, 64, 1024; 0.2, 0.2, 0.2, 0.2) {
			1.63 ± 0.01 tx/µs
			40.114ms ± 256µs	(scheduling: 685µs ± 2µs, execution: 1.229ms ± 22µs)
		}
		PieceDHashMap(7, 64, 1024; 0.2, 0.2, 0.2, 0.2) {
			0.27 ± 0.00 tx/µs
			242.201ms ± 1.164ms	(scheduling: 771µs ± 13µs, execution: 3.819ms ± 57µs)
		}
	}
}
Done. Took 299.45s

