Sequential {
	8 schedulers, 22 executors {
		Transfer(0.0) {
			37.45 ± 0.94 tx/µs
			1.75ms ± 43µs
		}
		Transfer(0.5) {
			37.86 ± 0.99 tx/µs
			1.731ms ± 44µs
		}
		Fibonacci(10) {
			6.40 ± 0.00 tx/µs
			10.245ms ± 3µs
		}
		Fibonacci(15) {
			0.57 ± 0.00 tx/µs
			114.457ms ± 22µs
		}
		Fibonacci(20) {
			0.05 ± 0.00 tx/µs
			1.275587s ± 240µs
		}
		PreviousDHashMap(7, 64, 1024; 0.2, 0.2, 0.2, 0.2) {
			3.16 ± 0.00 tx/µs
			20.763ms ± 13µs
		}
		PieceDHashMap(7, 64, 1024; 0.2, 0.2, 0.2, 0.2) {
			2.95 ± 0.03 tx/µs
			22.224ms ± 199µs
		}
	}
}
ParallelCollect {
	8 schedulers, 22 executors {
		Transfer(0.0) {
			33.37 ± 1.20 tx/µs
			1.964ms ± 68µs	(scheduling: 1.115ms ± 42µs, execution: 1.201ms ± 41µs)
		}
		Transfer(0.5) {
			26.62 ± 1.07 tx/µs
			2.462ms ± 95µs	(scheduling: 1.32ms ± 47µs, execution: 1.647ms ± 84µs)
		}
		Fibonacci(10) {
			29.98 ± 0.28 tx/µs
			2.186ms ± 20µs	(scheduling: 451µs ± 10µs, execution: 1.987ms ± 20µs)
		}
		Fibonacci(15) {
			5.67 ± 0.01 tx/µs
			11.566ms ± 23µs	(scheduling: 1.508ms ± 91µs, execution: 11.338ms ± 23µs)
		}
		Fibonacci(20) {
			0.57 ± 0.00 tx/µs
			114.584ms ± 44µs	(scheduling: 14.04ms ± 820µs, execution: 114.342ms ± 43µs)
		}
		PreviousDHashMap(7, 64, 1024; 0.2, 0.2, 0.2, 0.2) {
			4.32 ± 0.05 tx/µs
			15.162ms ± 172µs	(scheduling: 5.529ms ± 67µs, execution: 13.299ms ± 179µs)
		}
		PieceDHashMap(7, 64, 1024; 0.2, 0.2, 0.2, 0.2) {
			2.95 ± 0.03 tx/µs
			22.225ms ± 195µs	(scheduling: 6.132ms ± 56µs, execution: 19.939ms ± 221µs)
		}
	}
}
ParallelImmediate {
	8 schedulers, 22 executors {
		Transfer(0.0) {
			33.63 ± 0.83 tx/µs
			1.949ms ± 47µs	(scheduling: 1.123ms ± 40µs, execution: 1.231ms ± 39µs)
		}
		Transfer(0.5) {
			25.05 ± 1.17 tx/µs
			2.616ms ± 117µs	(scheduling: 1.424ms ± 35µs, execution: 1.705ms ± 117µs)
		}
		Fibonacci(10) {
			30.27 ± 0.30 tx/µs
			2.165ms ± 21µs	(scheduling: 454µs ± 11µs, execution: 1.972ms ± 21µs)
		}
		Fibonacci(15) {
			5.68 ± 0.01 tx/µs
			11.535ms ± 22µs	(scheduling: 1.629ms ± 77µs, execution: 11.318ms ± 22µs)
		}
		Fibonacci(20) {
			0.57 ± 0.00 tx/µs
			114.667ms ± 135µs	(scheduling: 13.076ms ± 926µs, execution: 114.424ms ± 135µs)
		}
		PreviousDHashMap(7, 64, 1024; 0.2, 0.2, 0.2, 0.2) {
			3.76 ± 0.04 tx/µs
			17.424ms ± 188µs	(scheduling: 7.059ms ± 110µs, execution: 16.775ms ± 188µs)
		}
		PieceDHashMap(7, 64, 1024; 0.2, 0.2, 0.2, 0.2) {
			0.94 ± 0.01 tx/µs
			69.941ms ± 851µs	(scheduling: 15.016ms ± 105µs, execution: 69.298ms ± 850µs)
		}
	}
}
Collect {
	8 schedulers, 22 executors {
		Transfer(0.0) {
			24.18 ± 0.26 tx/µs
			2.71ms ± 29µs	(scheduling: 398µs ± 32µs, execution: 198µs ± 4µs)
		}
		Transfer(0.5) {
			15.79 ± 0.12 tx/µs
			4.15ms ± 32µs	(scheduling: 295µs ± 5µs, execution: 222µs ± 3µs)
		}
		Fibonacci(10) {
			22.58 ± 4.74 tx/µs
			2.902ms ± 503µs	(scheduling: 74µs ± 2µs, execution: 778µs ± 24µs)
		}
		Fibonacci(15) {
			5.83 ± 0.00 tx/µs
			11.245ms ± 8µs	(scheduling: 84µs ± 1µs, execution: 9.507ms ± 2µs)
		}
		Fibonacci(20) {
			0.57 ± 0.00 tx/µs
			114.212ms ± 68µs	(scheduling: 90µs ± 1µs, execution: 112.337ms ± 4µs)
		}
		PreviousDHashMap(7, 64, 1024; 0.2, 0.2, 0.2, 0.2) {
			3.14 ± 0.08 tx/µs
			20.842ms ± 509µs	(scheduling: 1.661ms ± 13µs, execution: 2.584ms ± 25µs)
		}
		PieceDHashMap(7, 64, 1024; 0.2, 0.2, 0.2, 0.2) {
			2.36 ± 0.02 tx/µs
			27.736ms ± 193µs	(scheduling: 1.544ms ± 22µs, execution: 2.609ms ± 24µs)
		}
	}
}
Immediate {
	8 schedulers, 22 executors {
		Transfer(0.0) {
			26.96 ± 0.08 tx/µs
			2.431ms ± 7µs	(scheduling: 278µs ± 3µs, execution: 208µs ± 3µs)
		}
		Transfer(0.5) {
			15.99 ± 1.47 tx/µs
			4.099ms ± 345µs	(scheduling: 325µs ± 16µs, execution: 229µs ± 4µs)
		}
		Fibonacci(10) {
			29.71 ± 0.05 tx/µs
			2.206ms ± 4µs	(scheduling: 69µs ± 0ns, execution: 647µs ± 1µs)
		}
		Fibonacci(15) {
			5.84 ± 0.00 tx/µs
			11.214ms ± 4µs	(scheduling: 84µs ± 1µs, execution: 9.531ms ± 2µs)
		}
		Fibonacci(20) {
			0.57 ± 0.00 tx/µs
			114.179ms ± 5µs	(scheduling: 90µs ± 1µs, execution: 112.343ms ± 4µs)
		}
		PreviousDHashMap(7, 64, 1024; 0.2, 0.2, 0.2, 0.2) {
			1.90 ± 0.04 tx/µs
			34.484ms ± 724µs	(scheduling: 1.142ms ± 10µs, execution: 2.436ms ± 15µs)
		}
		PieceDHashMap(7, 64, 1024; 0.2, 0.2, 0.2, 0.2) {
			0.65 ± 0.01 tx/µs
			101.326ms ± 1.279ms	(scheduling: 1.189ms ± 21µs, execution: 2.194ms ± 32µs)
		}
	}
}
Done. Took 242.64s

