Sequential {
	8 schedulers, 22 executors {
		Transfer(0.0) {
			36.17 ± 1.01 tx/µs
			1.812ms ± 49µs
		}
		Transfer(0.5) {
			33.66 ± 0.76 tx/µs
			1.947ms ± 43µs
		}
		TransferPiece(0.0) {
			10.15 ± 0.33 tx/µs
			6.457ms ± 206µs
		}
		TransferPiece(0.5) {
			10.84 ± 0.22 tx/µs
			6.048ms ± 123µs
		}
		Fibonacci(10) {
			6.25 ± 0.00 tx/µs
			10.48ms ± 2µs
		}
		Fibonacci(15) {
			0.56 ± 0.00 tx/µs
			116.668ms ± 7µs
		}
		Fibonacci(20) {
			0.05 ± 0.00 tx/µs
			1.305629s ± 26µs
		}
		PreviousDHashMap(7, 64, 1024; 0.2, 0.2, 0.2, 0.2) {
			6.30 ± 0.00 tx/µs
			10.398ms ± 6µs
		}
		PieceDHashMap(7, 64, 1024; 0.2, 0.2, 0.2, 0.2) {
			5.81 ± 0.00 tx/µs
			11.273ms ± 5µs
		}
	}
}
ParallelCollect {
	8 schedulers, 22 executors {
		Transfer(0.0) {
			28.19 ± 0.76 tx/µs
			2.325ms ± 61µs	(scheduling: 1.206ms ± 27µs, execution: 1.334ms ± 53µs)
		}
		Transfer(0.5) {
			23.66 ± 0.90 tx/µs
			2.77ms ± 102µs	(scheduling: 1.411ms ± 42µs, execution: 1.854ms ± 91µs)
		}
		TransferPiece(0.0) {
			7.57 ± 0.09 tx/µs
			8.657ms ± 105µs	(scheduling: 1.722ms ± 38µs, execution: 7.487ms ± 70µs)
		}
		TransferPiece(0.5) {
			6.95 ± 0.08 tx/µs
			9.428ms ± 106µs	(scheduling: 1.91ms ± 44µs, execution: 8.081ms ± 93µs)
		}
		Fibonacci(10) {
			29.48 ± 0.32 tx/µs
			2.223ms ± 24µs	(scheduling: 450µs ± 13µs, execution: 2.018ms ± 21µs)
		}
		Fibonacci(15) {
			5.64 ± 0.02 tx/µs
			11.617ms ± 38µs	(scheduling: 1.628ms ± 93µs, execution: 11.396ms ± 37µs)
		}
		Fibonacci(20) {
			0.57 ± 0.00 tx/µs
			114.556ms ± 18µs	(scheduling: 13.286ms ± 906µs, execution: 114.312ms ± 18µs)
		}
		PreviousDHashMap(7, 64, 1024; 0.2, 0.2, 0.2, 0.2) {
			5.10 ± 0.08 tx/µs
			12.857ms ± 200µs	(scheduling: 4.601ms ± 66µs, execution: 11.17ms ± 214µs)
		}
		PieceDHashMap(7, 64, 1024; 0.2, 0.2, 0.2, 0.2) {
			3.28 ± 0.03 tx/µs
			19.992ms ± 200µs	(scheduling: 5.118ms ± 57µs, execution: 18.125ms ± 210µs)
		}
	}
}
ParallelImmediate {
	8 schedulers, 22 executors {
		Transfer(0.0) {
			33.22 ± 0.86 tx/µs
			1.973ms ± 50µs	(scheduling: 1.159ms ± 39µs, execution: 1.261ms ± 43µs)
		}
		Transfer(0.5) {
			24.89 ± 1.03 tx/µs
			2.633ms ± 105µs	(scheduling: 1.346ms ± 50µs, execution: 1.843ms ± 101µs)
		}
		TransferPiece(0.0) {
			7.98 ± 0.14 tx/µs
			8.21ms ± 141µs	(scheduling: 2.956ms ± 40µs, execution: 7.603ms ± 140µs)
		}
		TransferPiece(0.5) {
			5.51 ± 0.13 tx/µs
			11.895ms ± 273µs	(scheduling: 3.208ms ± 72µs, execution: 11.158ms ± 266µs)
		}
		Fibonacci(10) {
			29.51 ± 0.30 tx/µs
			2.221ms ± 22µs	(scheduling: 446µs ± 9µs, execution: 2.024ms ± 21µs)
		}
		Fibonacci(15) {
			5.66 ± 0.01 tx/µs
			11.578ms ± 19µs	(scheduling: 1.582ms ± 68µs, execution: 11.354ms ± 19µs)
		}
		Fibonacci(20) {
			0.57 ± 0.00 tx/µs
			114.738ms ± 218µs	(scheduling: 14.206ms ± 881µs, execution: 114.501ms ± 218µs)
		}
		PreviousDHashMap(7, 64, 1024; 0.2, 0.2, 0.2, 0.2) {
			4.12 ± 0.07 tx/µs
			15.917ms ± 266µs	(scheduling: 5.418ms ± 83µs, execution: 15.361ms ± 266µs)
		}
		PieceDHashMap(7, 64, 1024; 0.2, 0.2, 0.2, 0.2) {
			0.99 ± 0.01 tx/µs
			66.312ms ± 752µs	(scheduling: 13.885ms ± 175µs, execution: 65.694ms ± 751µs)
		}
	}
}
Collect {
	8 schedulers, 22 executors {
		Transfer(0.0) {
			26.75 ± 0.05 tx/µs
			2.45ms ± 5µs	(scheduling: 283µs ± 6µs, execution: 219µs ± 4µs)
		}
		Transfer(0.5) {
			15.35 ± 1.56 tx/µs
			4.269ms ± 393µs	(scheduling: 314µs ± 7µs, execution: 232µs ± 5µs)
		}
		TransferPiece(0.0) {
			13.55 ± 0.03 tx/µs
			4.838ms ± 10µs	(scheduling: 537µs ± 10µs, execution: 418µs ± 6µs)
		}
		TransferPiece(0.5) {
			7.82 ± 0.73 tx/µs
			8.376ms ± 714µs	(scheduling: 586µs ± 6µs, execution: 463µs ± 4µs)
		}
		Fibonacci(10) {
			26.53 ± 4.41 tx/µs
			2.47ms ± 352µs	(scheduling: 73µs ± 2µs, execution: 658µs ± 8µs)
		}
		Fibonacci(15) {
			5.82 ± 0.00 tx/µs
			11.256ms ± 6µs	(scheduling: 84µs ± 1µs, execution: 9.564ms ± 5µs)
		}
		Fibonacci(20) {
			0.57 ± 0.00 tx/µs
			114.336ms ± 107µs	(scheduling: 91µs ± 1µs, execution: 112.386ms ± 6µs)
		}
		PreviousDHashMap(7, 64, 1024; 0.2, 0.2, 0.2, 0.2) {
			3.79 ± 0.05 tx/µs
			17.278ms ± 233µs	(scheduling: 1.319ms ± 20µs, execution: 785µs ± 11µs)
		}
		PieceDHashMap(7, 64, 1024; 0.2, 0.2, 0.2, 0.2) {
			2.81 ± 0.08 tx/µs
			23.345ms ± 677µs	(scheduling: 1.397ms ± 19µs, execution: 946µs ± 5µs)
		}
	}
}
Immediate {
	8 schedulers, 22 executors {
		Transfer(0.0) {
			25.95 ± 0.21 tx/µs
			2.525ms ± 20µs	(scheduling: 285µs ± 3µs, execution: 242µs ± 3µs)
		}
		Transfer(0.5) {
			16.84 ± 0.02 tx/µs
			3.892ms ± 5µs	(scheduling: 304µs ± 5µs, execution: 241µs ± 2µs)
		}
		TransferPiece(0.0) {
			6.59 ± 0.34 tx/µs
			9.949ms ± 486µs	(scheduling: 692µs ± 20µs, execution: 442µs ± 9µs)
		}
		TransferPiece(0.5) {
			4.61 ± 0.02 tx/µs
			14.21ms ± 54µs	(scheduling: 787µs ± 11µs, execution: 463µs ± 11µs)
		}
		Fibonacci(10) {
			29.18 ± 0.05 tx/µs
			2.246ms ± 4µs	(scheduling: 71µs ± 1µs, execution: 647µs ± 1µs)
		}
		Fibonacci(15) {
			5.81 ± 0.01 tx/µs
			11.281ms ± 10µs	(scheduling: 85µs ± 1µs, execution: 9.543ms ± 5µs)
		}
		Fibonacci(20) {
			0.57 ± 0.00 tx/µs
			114.203ms ± 7µs	(scheduling: 90µs ± 1µs, execution: 112.327ms ± 5µs)
		}
		PreviousDHashMap(7, 64, 1024; 0.2, 0.2, 0.2, 0.2) {
			2.27 ± 0.05 tx/µs
			28.841ms ± 622µs	(scheduling: 971µs ± 14µs, execution: 928µs ± 9µs)
		}
		PieceDHashMap(7, 64, 1024; 0.2, 0.2, 0.2, 0.2) {
			0.68 ± 0.01 tx/µs
			96.997ms ± 1.048ms	(scheduling: 1.169ms ± 17µs, execution: 1.243ms ± 10µs)
		}
	}
}
Done. Took 241.27s

