Sequential {
	8 schedulers, 22 executors {
		Transfer(0.0) {
			38.76 ± 1.16 tx/µs
			1.691ms ± 49µs
		}
		Transfer(0.5) {
			39.99 ± 1.28 tx/µs
			1.639ms ± 51µs
		}
		Fibonacci(10) {
			6.33 ± 0.01 tx/µs
			10.359ms ± 20µs
		}
		Fibonacci(15) {
			0.57 ± 0.00 tx/µs
			114.274ms ± 71µs
		}
		Fibonacci(20) {
			0.05 ± 0.00 tx/µs
			1.279522s ± 314µs
		}
		PreviousDHashMap(7, 64, 1024; 0.2, 0.2, 0.2, 0.2) {
			2.54 ± 0.00 tx/µs
			25.782ms ± 9µs
		}
		PieceDHashMap(7, 64, 1024; 0.2, 0.2, 0.2, 0.2) {
			2.47 ± 0.00 tx/µs
			26.542ms ± 7µs
		}
	}
}
ParallelCollect {
	8 schedulers, 22 executors {
		Transfer(0.0) {
			29.32 ± 0.92 tx/µs
			2.235ms ± 68µs	(scheduling: 1.157ms ± 37µs, execution: 1.287ms ± 38µs)
		}
		Transfer(0.5) {
			25.66 ± 1.01 tx/µs
			2.554ms ± 97µs	(scheduling: 1.346ms ± 51µs, execution: 1.797ms ± 93µs)
		}
		Fibonacci(10) {
			29.64 ± 0.24 tx/µs
			2.211ms ± 18µs	(scheduling: 446µs ± 8µs, execution: 2.007ms ± 18µs)
		}
		Fibonacci(15) {
			5.66 ± 0.01 tx/µs
			11.586ms ± 17µs	(scheduling: 1.571ms ± 84µs, execution: 11.357ms ± 16µs)
		}
		Fibonacci(20) {
			0.57 ± 0.00 tx/µs
			114.684ms ± 248µs	(scheduling: 13.41ms ± 809µs, execution: 114.442ms ± 248µs)
		}
		PreviousDHashMap(7, 64, 1024; 0.2, 0.2, 0.2, 0.2) {
			4.07 ± 0.05 tx/µs
			16.112ms ± 183µs	(scheduling: 4.949ms ± 69µs, execution: 14.307ms ± 184µs)
		}
		PieceDHashMap(7, 64, 1024; 0.2, 0.2, 0.2, 0.2) {
			2.88 ± 0.02 tx/µs
			22.785ms ± 169µs	(scheduling: 5.323ms ± 50µs, execution: 20.774ms ± 181µs)
		}
	}
}
ParallelImmediate {
	8 schedulers, 22 executors {
		Transfer(0.0) {
			36.15 ± 0.82 tx/µs
			1.813ms ± 40µs	(scheduling: 1.026ms ± 40µs, execution: 1.161ms ± 38µs)
		}
		Transfer(0.5) {
			24.97 ± 1.01 tx/µs
			2.625ms ± 102µs	(scheduling: 1.414ms ± 41µs, execution: 1.762ms ± 92µs)
		}
		Fibonacci(10) {
			29.60 ± 0.28 tx/µs
			2.214ms ± 21µs	(scheduling: 457µs ± 10µs, execution: 2.013ms ± 21µs)
		}
		Fibonacci(15) {
			5.67 ± 0.01 tx/µs
			11.564ms ± 18µs	(scheduling: 1.57ms ± 77µs, execution: 11.344ms ± 18µs)
		}
		Fibonacci(20) {
			0.57 ± 0.00 tx/µs
			114.545ms ± 22µs	(scheduling: 13.217ms ± 867µs, execution: 114.308ms ± 22µs)
		}
		PreviousDHashMap(7, 64, 1024; 0.2, 0.2, 0.2, 0.2) {
			3.73 ± 0.07 tx/µs
			17.592ms ± 322µs	(scheduling: 6.65ms ± 106µs, execution: 17.023ms ± 322µs)
		}
		PieceDHashMap(7, 64, 1024; 0.2, 0.2, 0.2, 0.2) {
			0.99 ± 0.01 tx/µs
			66.514ms ± 582µs	(scheduling: 15.39ms ± 117µs, execution: 65.892ms ± 581µs)
		}
	}
}
Collect {
	8 schedulers, 22 executors {
		Transfer(0.0) {
			23.81 ± 0.07 tx/µs
			2.752ms ± 8µs	(scheduling: 496µs ± 38µs, execution: 201µs ± 2µs)
		}
		Transfer(0.5) {
			13.72 ± 1.52 tx/µs
			4.778ms ± 478µs	(scheduling: 331µs ± 15µs, execution: 222µs ± 5µs)
		}
		Fibonacci(10) {
			25.08 ± 0.44 tx/µs
			2.613ms ± 45µs	(scheduling: 72µs ± 2µs, execution: 656µs ± 14µs)
		}
		Fibonacci(15) {
			5.81 ± 0.00 tx/µs
			11.273ms ± 9µs	(scheduling: 84µs ± 1µs, execution: 9.571ms ± 6µs)
		}
		Fibonacci(20) {
			0.57 ± 0.00 tx/µs
			114.195ms ± 10µs	(scheduling: 90µs ± 1µs, execution: 112.321ms ± 5µs)
		}
		PreviousDHashMap(7, 64, 1024; 0.2, 0.2, 0.2, 0.2) {
			3.77 ± 0.14 tx/µs
			17.374ms ± 617µs	(scheduling: 1.598ms ± 19µs, execution: 2.318ms ± 25µs)
		}
		PieceDHashMap(7, 64, 1024; 0.2, 0.2, 0.2, 0.2) {
			2.71 ± 0.07 tx/µs
			24.174ms ± 649µs	(scheduling: 1.427ms ± 22µs, execution: 2.314ms ± 36µs)
		}
	}
}
Immediate {
	8 schedulers, 22 executors {
		Transfer(0.0) {
			26.72 ± 0.08 tx/µs
			2.453ms ± 7µs	(scheduling: 284µs ± 3µs, execution: 214µs ± 3µs)
		}
		Transfer(0.5) {
			15.98 ± 2.13 tx/µs
			4.102ms ± 482µs	(scheduling: 302µs ± 9µs, execution: 216µs ± 4µs)
		}
		Fibonacci(10) {
			29.83 ± 0.05 tx/µs
			2.197ms ± 4µs	(scheduling: 69µs ± 1µs, execution: 650µs ± 1µs)
		}
		Fibonacci(15) {
			5.85 ± 0.00 tx/µs
			11.209ms ± 4µs	(scheduling: 82µs ± 1µs, execution: 9.53ms ± 2µs)
		}
		Fibonacci(20) {
			0.57 ± 0.00 tx/µs
			114.222ms ± 6µs	(scheduling: 91µs ± 1µs, execution: 112.323ms ± 3µs)
		}
		PreviousDHashMap(7, 64, 1024; 0.2, 0.2, 0.2, 0.2) {
			2.26 ± 0.01 tx/µs
			28.946ms ± 118µs	(scheduling: 1.074ms ± 15µs, execution: 2.193ms ± 31µs)
		}
		PieceDHashMap(7, 64, 1024; 0.2, 0.2, 0.2, 0.2) {
			0.69 ± 0.01 tx/µs
			95.505ms ± 1.337ms	(scheduling: 1.25ms ± 22µs, execution: 2.413ms ± 50µs)
		}
	}
}
Done. Took 242.03s

