Sequential {
	16 schedulers, 15 executors {
		Transfer(0.0) {
			34.38 ± 1.12 tx/µs
			1.906ms ± 60µs
		}
		Transfer(0.5) {
			41.11 ± 1.14 tx/µs
			1.594ms ± 43µs
		}
		Fibonacci(10) {
			6.41 ± 0.00 tx/µs
			10.231ms ± 1µs
		}
		Fibonacci(15) {
			0.57 ± 0.00 tx/µs
			114.369ms ± 17µs
		}
		Fibonacci(20) {
			0.05 ± 0.00 tx/µs
			1.274757s ± 44µs
		}
		PreviousDHashMap(7, 64, 1024; 0.2, 0.2, 0.2, 0.2) {
			3.15 ± 0.00 tx/µs
			20.776ms ± 13µs
		}
		PieceDHashMap(7, 64, 1024; 0.2, 0.2, 0.2, 0.2) {
			2.96 ± 0.00 tx/µs
			22.134ms ± 11µs
		}
	}
}
ParallelCollect {
	16 schedulers, 15 executors {
		Transfer(0.0) {
			22.17 ± 0.59 tx/µs
			2.956ms ± 76µs	(scheduling: 779µs ± 23µs, execution: 2.487ms ± 37µs)
		}
		Transfer(0.5) {
			15.55 ± 0.43 tx/µs
			4.214ms ± 114µs	(scheduling: 930µs ± 27µs, execution: 3.728ms ± 112µs)
		}
		Fibonacci(10) {
			19.94 ± 0.12 tx/µs
			3.286ms ± 20µs	(scheduling: 311µs ± 13µs, execution: 3.1ms ± 18µs)
		}
		Fibonacci(15) {
			3.88 ± 0.00 tx/µs
			16.898ms ± 18µs	(scheduling: 1.129ms ± 71µs, execution: 16.692ms ± 18µs)
		}
		Fibonacci(20) {
			0.39 ± 0.00 tx/µs
			167.032ms ± 320µs	(scheduling: 9.126ms ± 625µs, execution: 166.82ms ± 320µs)
		}
		PreviousDHashMap(7, 64, 1024; 0.2, 0.2, 0.2, 0.2) {
			2.57 ± 0.03 tx/µs
			25.526ms ± 335µs	(scheduling: 3.339ms ± 50µs, execution: 24.568ms ± 333µs)
		}
		PieceDHashMap(7, 64, 1024; 0.2, 0.2, 0.2, 0.2) {
			1.89 ± 0.02 tx/µs
			34.671ms ± 403µs	(scheduling: 3.664ms ± 41µs, execution: 33.495ms ± 401µs)
		}
	}
}
ParallelImmediate {
	16 schedulers, 15 executors {
		Transfer(0.0) {
			21.93 ± 0.31 tx/µs
			2.989ms ± 42µs	(scheduling: 752µs ± 13µs, execution: 2.501ms ± 36µs)
		}
		Transfer(0.5) {
			15.30 ± 0.44 tx/µs
			4.284ms ± 120µs	(scheduling: 911µs ± 21µs, execution: 3.72ms ± 119µs)
		}
		Fibonacci(10) {
			19.57 ± 0.14 tx/µs
			3.348ms ± 24µs	(scheduling: 308µs ± 16µs, execution: 3.163ms ± 20µs)
		}
		Fibonacci(15) {
			3.88 ± 0.01 tx/µs
			16.902ms ± 22µs	(scheduling: 1.07ms ± 54µs, execution: 16.704ms ± 21µs)
		}
		Fibonacci(20) {
			0.39 ± 0.00 tx/µs
			167.205ms ± 265µs	(scheduling: 9.172ms ± 680µs, execution: 166.995ms ± 265µs)
		}
		PreviousDHashMap(7, 64, 1024; 0.2, 0.2, 0.2, 0.2) {
			1.12 ± 0.01 tx/µs
			58.461ms ± 706µs	(scheduling: 6.368ms ± 91µs, execution: 57.936ms ± 704µs)
		}
		PieceDHashMap(7, 64, 1024; 0.2, 0.2, 0.2, 0.2) {
			0.16 ± 0.00 tx/µs
			422.261ms ± 1.894ms	(scheduling: 35.728ms ± 650µs, execution: 421.074ms ± 1.888ms)
		}
	}
}
Collect {
	16 schedulers, 15 executors {
		Transfer(0.0) {
			21.90 ± 0.15 tx/µs
			2.993ms ± 21µs	(scheduling: 230µs ± 11µs, execution: 274µs ± 3µs)
		}
		Transfer(0.5) {
			14.27 ± 0.39 tx/µs
			4.593ms ± 121µs	(scheduling: 212µs ± 10µs, execution: 318µs ± 7µs)
		}
		Fibonacci(10) {
			22.85 ± 0.23 tx/µs
			2.868ms ± 29µs	(scheduling: 37µs ± 1µs, execution: 997µs ± 17µs)
		}
		Fibonacci(15) {
			6.66 ± 0.01 tx/µs
			9.843ms ± 17µs	(scheduling: 46µs ± 0ns, execution: 8.086ms ± 6µs)
		}
		Fibonacci(20) {
			0.73 ± 0.02 tx/µs
			90.231ms ± 1.944ms	(scheduling: 53µs ± 1µs, execution: 88.245ms ± 1.949ms)
		}
		PreviousDHashMap(7, 64, 1024; 0.2, 0.2, 0.2, 0.2) {
			3.20 ± 0.09 tx/µs
			20.449ms ± 535µs	(scheduling: 761µs ± 6µs, execution: 2.669ms ± 35µs)
		}
		PieceDHashMap(7, 64, 1024; 0.2, 0.2, 0.2, 0.2) {
			2.47 ± 0.03 tx/µs
			26.56ms ± 357µs	(scheduling: 877µs ± 13µs, execution: 2.401ms ± 68µs)
		}
	}
}
Immediate {
	16 schedulers, 15 executors {
		Transfer(0.0) {
			21.57 ± 4.28 tx/µs
			3.038ms ± 503µs	(scheduling: 292µs ± 2µs, execution: 283µs ± 6µs)
		}
		Transfer(0.5) {
			16.04 ± 0.05 tx/µs
			4.086ms ± 13µs	(scheduling: 301µs ± 1µs, execution: 269µs ± 1µs)
		}
		Fibonacci(10) {
			26.37 ± 0.39 tx/µs
			2.485ms ± 36µs	(scheduling: 40µs ± 2µs, execution: 708µs ± 11µs)
		}
		Fibonacci(15) {
			6.12 ± 0.43 tx/µs
			10.703ms ± 697µs	(scheduling: 44µs ± 0ns, execution: 8.493ms ± 326µs)
		}
		Fibonacci(20) {
			0.73 ± 0.01 tx/µs
			89.264ms ± 1.504ms	(scheduling: 51µs ± 1µs, execution: 87.192ms ± 1.38ms)
		}
		PreviousDHashMap(7, 64, 1024; 0.2, 0.2, 0.2, 0.2) {
			1.41 ± 0.01 tx/µs
			46.347ms ± 465µs	(scheduling: 667µs ± 5µs, execution: 2.124ms ± 42µs)
		}
		PieceDHashMap(7, 64, 1024; 0.2, 0.2, 0.2, 0.2) {
			0.26 ± 0.00 tx/µs
			252.476ms ± 781µs	(scheduling: 750µs ± 13µs, execution: 5.039ms ± 67µs)
		}
	}
}
Done. Took 307.66s

