Sequential {
	8 schedulers, 24 executors {
		Transfer(0.0%) {
			38.95 ± 0.21 tx/µs
			3.365ms ± 18µs
		}
		Transfer(0.1%) {
			38.80 ± 0.23 tx/µs
			3.378ms ± 20µs
		}
		Transfer(0.5%) {
			41.23 ± 0.21 tx/µs
			3.179ms ± 16µs
		}
		TransferPiece(0.0%) {
			14.34 ± 0.07 tx/µs
			9.143ms ± 43µs
		}
		TransferPiece(0.1%) {
			14.41 ± 0.07 tx/µs
			9.097ms ± 41µs
		}
		TransferPiece(0.5%) {
			15.05 ± 0.05 tx/µs
			8.707ms ± 29µs
		}
		Fibonacci(5) {
			52.10 ± 0.04 tx/µs
			2.516ms ± 2µs
		}
		Fibonacci(10) {
			6.91 ± 0.00 tx/µs
			18.977ms ± 5µs
		}
		Fibonacci(15) {
			0.63 ± 0.00 tx/µs
			208.127ms ± 3µs
		}
	}
}
ParallelCollect {
	8 schedulers, 24 executors {
		Transfer(0.0%) {
			63.69 ± 1.20 tx/µs
			2.058ms ± 38µs	(scheduling: 985µs ± 29µs, execution: 1.338ms ± 31µs)
		}
		Transfer(0.1%) {
			57.74 ± 1.49 tx/µs
			2.27ms ± 57µs	(scheduling: 1.11ms ± 36µs, execution: 1.557ms ± 55µs)
		}
		Transfer(0.5%) {
			56.96 ± 1.29 tx/µs
			2.301ms ± 51µs	(scheduling: 1.205ms ± 30µs, execution: 1.557ms ± 45µs)
		}
		TransferPiece(0.0%) {
			12.10 ± 0.06 tx/µs
			10.832ms ± 53µs	(scheduling: 1.544ms ± 26µs, execution: 9.9ms ± 51µs)
		}
		TransferPiece(0.1%) {
			11.60 ± 0.06 tx/µs
			11.3ms ± 61µs	(scheduling: 1.654ms ± 23µs, execution: 10.379ms ± 62µs)
		}
		TransferPiece(0.5%) {
			11.38 ± 0.08 tx/µs
			11.514ms ± 82µs	(scheduling: 1.74ms ± 32µs, execution: 10.517ms ± 65µs)
		}
		Fibonacci(5) {
			75.85 ± 1.75 tx/µs
			1.728ms ± 39µs	(scheduling: 1.05ms ± 13µs, execution: 816µs ± 40µs)
		}
		Fibonacci(10) {
			39.34 ± 0.30 tx/µs
			3.332ms ± 25µs	(scheduling: 1.109ms ± 29µs, execution: 2.765ms ± 21µs)
		}
		Fibonacci(15) {
			6.46 ± 0.01 tx/µs
			20.3ms ± 33µs	(scheduling: 3.11ms ± 112µs, execution: 19.694ms ± 22µs)
		}
	}
}
ParallelImmediate {
	8 schedulers, 24 executors {
		Transfer(0.0%) {
			65.73 ± 1.07 tx/µs
			1.994ms ± 32µs	(scheduling: 999µs ± 18µs, execution: 1.314ms ± 28µs)
		}
		Transfer(0.1%) {
			58.65 ± 1.62 tx/µs
			2.235ms ± 60µs	(scheduling: 1.132ms ± 19µs, execution: 1.539ms ± 58µs)
		}
		Transfer(0.5%) {
			56.77 ± 1.70 tx/µs
			2.309ms ± 67µs	(scheduling: 1.253ms ± 26µs, execution: 1.605ms ± 64µs)
		}
		TransferPiece(0.0%) {
			13.15 ± 0.15 tx/µs
			9.968ms ± 116µs	(scheduling: 3.182ms ± 28µs, execution: 9.354ms ± 109µs)
		}
		TransferPiece(0.1%) {
			12.23 ± 0.18 tx/µs
			10.716ms ± 153µs	(scheduling: 3.286ms ± 29µs, execution: 10.109ms ± 154µs)
		}
		TransferPiece(0.5%) {
			9.48 ± 0.15 tx/µs
			13.831ms ± 209µs	(scheduling: 3.401ms ± 29µs, execution: 13.196ms ± 209µs)
		}
		Fibonacci(5) {
			94.98 ± 2.98 tx/µs
			1.38ms ± 42µs	(scheduling: 918µs ± 34µs, execution: 772µs ± 35µs)
		}
		Fibonacci(10) {
			39.61 ± 0.30 tx/µs
			3.309ms ± 25µs	(scheduling: 997µs ± 27µs, execution: 2.752ms ± 24µs)
		}
		Fibonacci(15) {
			6.47 ± 0.01 tx/µs
			20.255ms ± 35µs	(scheduling: 3.059ms ± 79µs, execution: 19.677ms ± 25µs)
		}
	}
}
Done. Took 78.62s

