Sequential {
	8 schedulers, 24 executors {
		Transfer(0.0%) {
			39.46 ± 0.21 tx/µs
			3.322ms ± 18µs
		}
		Transfer(0.1%) {
			39.49 ± 0.23 tx/µs
			3.319ms ± 19µs
		}
		Transfer(0.5%) {
			40.55 ± 0.38 tx/µs
			3.232ms ± 30µs
		}
		TransferPiece(0.0%) {
			14.72 ± 0.07 tx/µs
			8.907ms ± 41µs
		}
		TransferPiece(0.1%) {
			14.25 ± 0.33 tx/µs
			9.195ms ± 211µs
		}
		TransferPiece(0.5%) {
			15.48 ± 0.07 tx/µs
			8.467ms ± 39µs
		}
		Fibonacci(5) {
			52.16 ± 0.04 tx/µs
			2.513ms ± 2µs
		}
		Fibonacci(10) {
			6.91 ± 0.00 tx/µs
			18.98ms ± 6µs
		}
		Fibonacci(15) {
			0.63 ± 0.00 tx/µs
			208.142ms ± 6µs
		}
	}
}
ParallelCollect {
	8 schedulers, 24 executors {
		Transfer(0.0%) {
			69.57 ± 1.43 tx/µs
			1.884ms ± 38µs	(scheduling: 857µs ± 34µs, execution: 1.276ms ± 32µs)
		}
		Transfer(0.1%) {
			60.79 ± 1.95 tx/µs
			2.156ms ± 67µs	(scheduling: 920µs ± 31µs, execution: 1.545ms ± 66µs)
		}
		Transfer(0.5%) {
			60.60 ± 1.64 tx/µs
			2.163ms ± 57µs	(scheduling: 1.034ms ± 31µs, execution: 1.547ms ± 55µs)
		}
		TransferPiece(0.0%) {
			12.21 ± 0.08 tx/µs
			10.739ms ± 68µs	(scheduling: 1.452ms ± 44µs, execution: 9.755ms ± 53µs)
		}
		TransferPiece(0.1%) {
			11.73 ± 0.08 tx/µs
			11.177ms ± 78µs	(scheduling: 1.468ms ± 30µs, execution: 10.333ms ± 75µs)
		}
		TransferPiece(0.5%) {
			11.44 ± 0.08 tx/µs
			11.462ms ± 83µs	(scheduling: 1.674ms ± 47µs, execution: 10.451ms ± 69µs)
		}
		Fibonacci(5) {
			84.78 ± 2.78 tx/µs
			1.546ms ± 49µs	(scheduling: 946µs ± 36µs, execution: 839µs ± 39µs)
		}
		Fibonacci(10) {
			37.37 ± 0.49 tx/µs
			3.507ms ± 45µs	(scheduling: 1.124ms ± 38µs, execution: 2.802ms ± 24µs)
		}
		Fibonacci(15) {
			6.45 ± 0.01 tx/µs
			20.311ms ± 33µs	(scheduling: 3.106ms ± 53µs, execution: 19.696ms ± 23µs)
		}
	}
}
ParallelImmediate {
	8 schedulers, 24 executors {
		Transfer(0.0%) {
			68.80 ± 1.40 tx/µs
			1.905ms ± 38µs	(scheduling: 936µs ± 35µs, execution: 1.281ms ± 32µs)
		}
		Transfer(0.1%) {
			58.33 ± 1.99 tx/µs
			2.247ms ± 74µs	(scheduling: 1.101ms ± 42µs, execution: 1.509ms ± 64µs)
		}
		Transfer(0.5%) {
			55.97 ± 1.83 tx/µs
			2.342ms ± 74µs	(scheduling: 1.195ms ± 39µs, execution: 1.624ms ± 65µs)
		}
		TransferPiece(0.0%) {
			13.00 ± 0.14 tx/µs
			10.082ms ± 110µs	(scheduling: 3.147ms ± 23µs, execution: 9.527ms ± 112µs)
		}
		TransferPiece(0.1%) {
			11.91 ± 0.17 tx/µs
			11.008ms ± 158µs	(scheduling: 3.349ms ± 32µs, execution: 10.394ms ± 160µs)
		}
		TransferPiece(0.5%) {
			9.22 ± 0.17 tx/µs
			14.219ms ± 253µs	(scheduling: 3.318ms ± 24µs, execution: 13.703ms ± 253µs)
		}
		Fibonacci(5) {
			91.98 ± 2.72 tx/µs
			1.425ms ± 41µs	(scheduling: 935µs ± 35µs, execution: 805µs ± 38µs)
		}
		Fibonacci(10) {
			39.03 ± 0.26 tx/µs
			3.358ms ± 22µs	(scheduling: 1.079ms ± 29µs, execution: 2.799ms ± 21µs)
		}
		Fibonacci(15) {
			6.44 ± 0.01 tx/µs
			20.339ms ± 39µs	(scheduling: 3.105ms ± 115µs, execution: 19.699ms ± 26µs)
		}
	}
}
Done. Took 78.31s

