Sequential {
	8 schedulers, 24 executors {
		Transfer(0.0%) {
			39.15 ± 0.29 tx/µs
			3.348ms ± 25µs
		}
		Transfer(0.1%) {
			39.52 ± 0.24 tx/µs
			3.317ms ± 20µs
		}
		Transfer(0.5%) {
			41.35 ± 0.34 tx/µs
			3.17ms ± 26µs
		}
		TransferPiece(0.0%) {
			14.77 ± 0.08 tx/µs
			8.872ms ± 45µs
		}
		TransferPiece(0.1%) {
			14.92 ± 0.09 tx/µs
			8.786ms ± 53µs
		}
		TransferPiece(0.5%) {
			15.49 ± 0.07 tx/µs
			8.462ms ± 39µs
		}
		Fibonacci(5) {
			52.12 ± 0.02 tx/µs
			2.515ms ± 1µs
		}
		Fibonacci(10) {
			6.90 ± 0.00 tx/µs
			18.992ms ± 7µs
		}
		Fibonacci(15) {
			0.63 ± 0.00 tx/µs
			208.142ms ± 8µs
		}
	}
}
ParallelCollect {
	8 schedulers, 24 executors {
		Transfer(0.0%) {
			66.87 ± 1.25 tx/µs
			1.96ms ± 36µs	(scheduling: 970µs ± 18µs, execution: 1.305ms ± 32µs)
		}
		Transfer(0.1%) {
			59.39 ± 1.52 tx/µs
			2.207ms ± 55µs	(scheduling: 1.087ms ± 16µs, execution: 1.531ms ± 56µs)
		}
		Transfer(0.5%) {
			59.99 ± 1.32 tx/µs
			2.185ms ± 47µs	(scheduling: 1.197ms ± 26µs, execution: 1.494ms ± 46µs)
		}
		TransferPiece(0.0%) {
			12.25 ± 0.08 tx/µs
			10.701ms ± 68µs	(scheduling: 1.446ms ± 25µs, execution: 9.843ms ± 65µs)
		}
		TransferPiece(0.1%) {
			11.75 ± 0.10 tx/µs
			11.156ms ± 94µs	(scheduling: 1.698ms ± 36µs, execution: 10.121ms ± 79µs)
		}
		TransferPiece(0.5%) {
			11.70 ± 0.07 tx/µs
			11.205ms ± 69µs	(scheduling: 1.68ms ± 46µs, execution: 10.25ms ± 58µs)
		}
		Fibonacci(5) {
			95.33 ± 3.00 tx/µs
			1.375ms ± 42µs	(scheduling: 843µs ± 31µs, execution: 767µs ± 35µs)
		}
		Fibonacci(10) {
			36.60 ± 0.51 tx/µs
			3.581ms ± 49µs	(scheduling: 1.042ms ± 38µs, execution: 2.778ms ± 24µs)
		}
		Fibonacci(15) {
			6.43 ± 0.01 tx/µs
			20.399ms ± 44µs	(scheduling: 2.977ms ± 208µs, execution: 19.671ms ± 19µs)
		}
	}
}
ParallelImmediate {
	8 schedulers, 24 executors {
		Transfer(0.0%) {
			67.60 ± 1.90 tx/µs
			1.939ms ± 53µs	(scheduling: 1.008ms ± 26µs, execution: 1.226ms ± 35µs)
		}
		Transfer(0.1%) {
			62.50 ± 1.78 tx/µs
			2.097ms ± 58µs	(scheduling: 1.075ms ± 29µs, execution: 1.485ms ± 56µs)
		}
		Transfer(0.5%) {
			62.95 ± 1.58 tx/µs
			2.082ms ± 51µs	(scheduling: 1.162ms ± 35µs, execution: 1.464ms ± 46µs)
		}
		TransferPiece(0.0%) {
			13.03 ± 0.15 tx/µs
			10.058ms ± 111µs	(scheduling: 3.226ms ± 34µs, execution: 9.359ms ± 104µs)
		}
		TransferPiece(0.1%) {
			12.29 ± 0.17 tx/µs
			10.669ms ± 144µs	(scheduling: 3.305ms ± 29µs, execution: 10.03ms ± 136µs)
		}
		TransferPiece(0.5%) {
			11.05 ± 0.17 tx/µs
			11.863ms ± 175µs	(scheduling: 3.339ms ± 20µs, execution: 11.357ms ± 176µs)
		}
		Fibonacci(5) {
			85.56 ± 2.18 tx/µs
			1.532ms ± 38µs	(scheduling: 1.045ms ± 17µs, execution: 805µs ± 30µs)
		}
		Fibonacci(10) {
			39.35 ± 0.31 tx/µs
			3.331ms ± 26µs	(scheduling: 1.077ms ± 27µs, execution: 2.752ms ± 25µs)
		}
		Fibonacci(15) {
			6.44 ± 0.01 tx/µs
			20.338ms ± 39µs	(scheduling: 3.093ms ± 104µs, execution: 19.68ms ± 22µs)
		}
	}
}
Done. Took 77.87s

