Sequential {
	8 schedulers, 24 executors {
		Transfer(0.0%) {
			38.17 ± 0.16 tx/µs
			1.717ms ± 7µs
		}
		Transfer(0.1%) {
			37.97 ± 0.13 tx/µs
			1.726ms ± 6µs
		}
		Transfer(0.5%) {
			38.64 ± 0.11 tx/µs
			1.696ms ± 5µs
		}
		TransferPiece(0.0%) {
			15.00 ± 0.03 tx/µs
			4.368ms ± 9µs
		}
		TransferPiece(0.1%) {
			14.98 ± 0.05 tx/µs
			4.375ms ± 15µs
		}
		TransferPiece(0.5%) {
			15.17 ± 0.04 tx/µs
			4.319ms ± 12µs
		}
		Fibonacci(5) {
			46.25 ± 0.07 tx/µs
			1.417ms ± 2µs
		}
		Fibonacci(10) {
			6.87 ± 0.00 tx/µs
			9.539ms ± 5µs
		}
		Fibonacci(15) {
			0.64 ± 0.00 tx/µs
			102.596ms ± 3µs
		}
	}
}
ParallelCollect {
	8 schedulers, 24 executors {
		Transfer(0.0%) {
			29.08 ± 0.55 tx/µs
			2.254ms ± 42µs	(scheduling: 1.396ms ± 45µs, execution: 1.213ms ± 35µs)
		}
		Transfer(0.1%) {
			25.78 ± 0.90 tx/µs
			2.542ms ± 86µs	(scheduling: 1.508ms ± 39µs, execution: 1.56ms ± 71µs)
		}
		Transfer(0.5%) {
			25.88 ± 0.76 tx/µs
			2.532ms ± 72µs	(scheduling: 1.708ms ± 37µs, execution: 1.494ms ± 62µs)
		}
		TransferPiece(0.0%) {
			7.07 ± 0.04 tx/µs
			9.27ms ± 55µs	(scheduling: 2.26ms ± 32µs, execution: 7.889ms ± 51µs)
		}
		TransferPiece(0.1%) {
			6.57 ± 0.06 tx/µs
			9.968ms ± 94µs	(scheduling: 2.312ms ± 43µs, execution: 8.489ms ± 85µs)
		}
		TransferPiece(0.5%) {
			6.69 ± 0.06 tx/µs
			9.792ms ± 90µs	(scheduling: 2.356ms ± 39µs, execution: 8.426ms ± 88µs)
		}
		Fibonacci(5) {
			39.72 ± 1.01 tx/µs
			1.65ms ± 41µs	(scheduling: 1.308ms ± 33µs, execution: 647µs ± 30µs)
		}
		Fibonacci(10) {
			23.41 ± 0.27 tx/µs
			2.799ms ± 32µs	(scheduling: 1.357ms ± 29µs, execution: 1.851ms ± 22µs)
		}
		Fibonacci(15) {
			5.84 ± 0.01 tx/µs
			11.214ms ± 28µs	(scheduling: 2.135ms ± 41µs, execution: 10.396ms ± 23µs)
		}
	}
}
ParallelImmediate {
	8 schedulers, 24 executors {
		Transfer(0.0%) {
			31.58 ± 0.73 tx/µs
			2.075ms ± 47µs	(scheduling: 1.312ms ± 37µs, execution: 1.183ms ± 38µs)
		}
		Transfer(0.1%) {
			25.70 ± 0.75 tx/µs
			2.55ms ± 72µs	(scheduling: 1.435ms ± 42µs, execution: 1.645ms ± 69µs)
		}
		Transfer(0.5%) {
			27.31 ± 0.89 tx/µs
			2.4ms ± 76µs	(scheduling: 1.534ms ± 36µs, execution: 1.504ms ± 71µs)
		}
		TransferPiece(0.0%) {
			8.12 ± 0.08 tx/µs
			8.067ms ± 76µs	(scheduling: 3.265ms ± 31µs, execution: 7.144ms ± 75µs)
		}
		TransferPiece(0.1%) {
			7.66 ± 0.08 tx/µs
			8.552ms ± 90µs	(scheduling: 3.461ms ± 37µs, execution: 7.442ms ± 81µs)
		}
		TransferPiece(0.5%) {
			6.17 ± 0.09 tx/µs
			10.627ms ± 157µs	(scheduling: 3.4ms ± 34µs, execution: 9.659ms ± 156µs)
		}
		Fibonacci(5) {
			39.34 ± 1.02 tx/µs
			1.666ms ± 42µs	(scheduling: 1.35ms ± 30µs, execution: 634µs ± 34µs)
		}
		Fibonacci(10) {
			24.43 ± 0.31 tx/µs
			2.683ms ± 34µs	(scheduling: 1.284ms ± 32µs, execution: 1.817ms ± 24µs)
		}
		Fibonacci(15) {
			5.82 ± 0.02 tx/µs
			11.253ms ± 32µs	(scheduling: 2.213ms ± 63µs, execution: 10.417ms ± 20µs)
		}
	}
}
Done. Took 42.74s

