Sequential {
	8 schedulers, 24 executors {
		Transfer(0.0%) {
			37.60 ± 0.13 tx/µs
			1.743ms ± 6µs
		}
		Transfer(0.1%) {
			36.86 ± 0.10 tx/µs
			1.778ms ± 5µs
		}
		Transfer(0.5%) {
			38.04 ± 0.13 tx/µs
			1.723ms ± 6µs
		}
		TransferPiece(0.0%) {
			14.50 ± 0.05 tx/µs
			4.52ms ± 17µs
		}
		TransferPiece(0.1%) {
			14.60 ± 0.03 tx/µs
			4.489ms ± 10µs
		}
		TransferPiece(0.5%) {
			14.75 ± 0.04 tx/µs
			4.443ms ± 11µs
		}
		Fibonacci(5) {
			46.05 ± 0.06 tx/µs
			1.423ms ± 2µs
		}
		Fibonacci(10) {
			6.86 ± 0.00 tx/µs
			9.548ms ± 5µs
		}
		Fibonacci(15) {
			0.64 ± 0.00 tx/µs
			102.604ms ± 5µs
		}
	}
}
ParallelCollect {
	8 schedulers, 24 executors {
		Transfer(0.0%) {
			32.44 ± 0.86 tx/µs
			2.02ms ± 52µs	(scheduling: 1.34ms ± 58µs, execution: 1.108ms ± 34µs)
		}
		Transfer(0.1%) {
			25.76 ± 0.78 tx/µs
			2.544ms ± 75µs	(scheduling: 1.485ms ± 30µs, execution: 1.407ms ± 62µs)
		}
		Transfer(0.5%) {
			27.35 ± 0.84 tx/µs
			2.396ms ± 71µs	(scheduling: 1.544ms ± 32µs, execution: 1.369ms ± 58µs)
		}
		TransferPiece(0.0%) {
			7.01 ± 0.05 tx/µs
			9.354ms ± 71µs	(scheduling: 2.037ms ± 28µs, execution: 7.881ms ± 47µs)
		}
		TransferPiece(0.1%) {
			6.74 ± 0.06 tx/µs
			9.725ms ± 84µs	(scheduling: 2.342ms ± 38µs, execution: 8.353ms ± 81µs)
		}
		TransferPiece(0.5%) {
			6.56 ± 0.06 tx/µs
			9.986ms ± 87µs	(scheduling: 2.507ms ± 45µs, execution: 8.481ms ± 77µs)
		}
		Fibonacci(5) {
			40.01 ± 0.95 tx/µs
			1.638ms ± 38µs	(scheduling: 1.337ms ± 34µs, execution: 633µs ± 28µs)
		}
		Fibonacci(10) {
			25.21 ± 0.22 tx/µs
			2.6ms ± 22µs	(scheduling: 1.263ms ± 43µs, execution: 1.795ms ± 22µs)
		}
		Fibonacci(15) {
			5.81 ± 0.02 tx/µs
			11.28ms ± 36µs	(scheduling: 2.185ms ± 44µs, execution: 10.417ms ± 18µs)
		}
	}
}
ParallelImmediate {
	8 schedulers, 24 executors {
		Transfer(0.0%) {
			31.15 ± 0.76 tx/µs
			2.104ms ± 50µs	(scheduling: 1.366ms ± 35µs, execution: 1.149ms ± 36µs)
		}
		Transfer(0.1%) {
			25.03 ± 0.77 tx/µs
			2.618ms ± 78µs	(scheduling: 1.52ms ± 32µs, execution: 1.532ms ± 68µs)
		}
		Transfer(0.5%) {
			29.00 ± 0.82 tx/µs
			2.26ms ± 62µs	(scheduling: 1.52ms ± 36µs, execution: 1.362ms ± 59µs)
		}
		TransferPiece(0.0%) {
			8.05 ± 0.06 tx/µs
			8.139ms ± 57µs	(scheduling: 3.275ms ± 29µs, execution: 7.211ms ± 52µs)
		}
		TransferPiece(0.1%) {
			7.80 ± 0.07 tx/µs
			8.405ms ± 80µs	(scheduling: 3.342ms ± 33µs, execution: 7.381ms ± 66µs)
		}
		TransferPiece(0.5%) {
			6.61 ± 0.10 tx/µs
			9.922ms ± 152µs	(scheduling: 3.389ms ± 28µs, execution: 8.981ms ± 152µs)
		}
		Fibonacci(5) {
			38.48 ± 1.12 tx/µs
			1.703ms ± 48µs	(scheduling: 1.344ms ± 30µs, execution: 577µs ± 40µs)
		}
		Fibonacci(10) {
			25.03 ± 0.25 tx/µs
			2.618ms ± 26µs	(scheduling: 1.302ms ± 39µs, execution: 1.798ms ± 22µs)
		}
		Fibonacci(15) {
			5.79 ± 0.02 tx/µs
			11.324ms ± 47µs	(scheduling: 2.15ms ± 69µs, execution: 10.404ms ± 22µs)
		}
	}
}
Done. Took 42.73s

