Sequential {
	8 schedulers, 24 executors {
		Transfer(0.0%) {
			53.59 ± 0.26 tx/µs
			1.223ms ± 6µs
		}
		Transfer(0.1%) {
			53.85 ± 0.36 tx/µs
			1.217ms ± 8µs
		}
		Transfer(0.5%) {
			54.57 ± 0.23 tx/µs
			1.201ms ± 5µs
		}
		TransferPiece(0.0%) {
			16.83 ± 0.06 tx/µs
			3.895ms ± 14µs
		}
		TransferPiece(0.1%) {
			16.58 ± 0.39 tx/µs
			3.952ms ± 91µs
		}
		TransferPiece(0.5%) {
			17.23 ± 0.09 tx/µs
			3.804ms ± 19µs
		}
		Fibonacci(5) {
			52.05 ± 0.04 tx/µs
			1.259ms ± 1µs
		}
		Fibonacci(10) {
			6.90 ± 0.00 tx/µs
			9.502ms ± 4µs
		}
		Fibonacci(15) {
			0.63 ± 0.00 tx/µs
			104.074ms ± 1µs
		}
	}
}
ParallelCollect {
	8 schedulers, 24 executors {
		Transfer(0.0%) {
			56.74 ± 2.19 tx/µs
			1.155ms ± 43µs	(scheduling: 482µs ± 16µs, execution: 865µs ± 43µs)
		}
		Transfer(0.1%) {
			44.52 ± 2.19 tx/µs
			1.472ms ± 69µs	(scheduling: 557µs ± 17µs, execution: 1.156ms ± 69µs)
		}
		Transfer(0.5%) {
			44.95 ± 1.76 tx/µs
			1.458ms ± 55µs	(scheduling: 687µs ± 18µs, execution: 1.043ms ± 54µs)
		}
		TransferPiece(0.0%) {
			9.40 ± 0.07 tx/µs
			6.97ms ± 54µs	(scheduling: 790µs ± 10µs, execution: 6.533ms ± 52µs)
		}
		TransferPiece(0.1%) {
			8.84 ± 0.07 tx/µs
			7.413ms ± 62µs	(scheduling: 884µs ± 19µs, execution: 6.973ms ± 59µs)
		}
		TransferPiece(0.5%) {
			8.66 ± 0.07 tx/µs
			7.568ms ± 62µs	(scheduling: 973µs ± 19µs, execution: 7.069ms ± 63µs)
		}
		Fibonacci(5) {
			80.91 ± 3.11 tx/µs
			810µs ± 30µs	(scheduling: 474µs ± 15µs, execution: 450µs ± 24µs)
		}
		Fibonacci(10) {
			31.83 ± 0.36 tx/µs
			2.059ms ± 23µs	(scheduling: 521µs ± 12µs, execution: 1.777ms ± 23µs)
		}
		Fibonacci(15) {
			6.14 ± 0.01 tx/µs
			10.674ms ± 22µs	(scheduling: 1.625ms ± 50µs, execution: 10.368ms ± 19µs)
		}
	}
}
ParallelImmediate {
	8 schedulers, 24 executors {
		Transfer(0.0%) {
			53.07 ± 2.10 tx/µs
			1.235ms ± 47µs	(scheduling: 518µs ± 11µs, execution: 886µs ± 45µs)
		}
		Transfer(0.1%) {
			45.67 ± 2.52 tx/µs
			1.435ms ± 75µs	(scheduling: 583µs ± 17µs, execution: 1.12ms ± 76µs)
		}
		Transfer(0.5%) {
			45.86 ± 2.26 tx/µs
			1.429ms ± 67µs	(scheduling: 617µs ± 18µs, execution: 1.127ms ± 67µs)
		}
		TransferPiece(0.0%) {
			9.03 ± 0.07 tx/µs
			7.261ms ± 59µs	(scheduling: 2.331ms ± 21µs, execution: 6.955ms ± 57µs)
		}
		TransferPiece(0.1%) {
			8.84 ± 0.05 tx/µs
			7.415ms ± 41µs	(scheduling: 2.453ms ± 21µs, execution: 7.08ms ± 40µs)
		}
		TransferPiece(0.5%) {
			7.23 ± 0.12 tx/µs
			9.066ms ± 144µs	(scheduling: 2.404ms ± 17µs, execution: 8.771ms ± 144µs)
		}
		Fibonacci(5) {
			86.57 ± 3.08 tx/µs
			757µs ± 26µs	(scheduling: 478µs ± 12µs, execution: 450µs ± 25µs)
		}
		Fibonacci(10) {
			30.21 ± 0.40 tx/µs
			2.169ms ± 28µs	(scheduling: 624µs ± 17µs, execution: 1.807ms ± 19µs)
		}
		Fibonacci(15) {
			6.12 ± 0.01 tx/µs
			10.716ms ± 25µs	(scheduling: 1.636ms ± 44µs, execution: 10.383ms ± 20µs)
		}
	}
}
Done. Took 37.47s

