Sequential {
	8 schedulers, 24 executors {
		Transfer(0.0%) {
			53.54 ± 0.22 tx/µs
			1.224ms ± 5µs
		}
		Transfer(0.1%) {
			53.46 ± 0.26 tx/µs
			1.226ms ± 6µs
		}
		Transfer(0.5%) {
			54.39 ± 0.18 tx/µs
			1.205ms ± 4µs
		}
		TransferPiece(0.0%) {
			16.53 ± 0.04 tx/µs
			3.964ms ± 9µs
		}
		TransferPiece(0.1%) {
			16.62 ± 0.05 tx/µs
			3.943ms ± 12µs
		}
		TransferPiece(0.5%) {
			16.96 ± 0.08 tx/µs
			3.864ms ± 18µs
		}
		Fibonacci(5) {
			51.97 ± 0.04 tx/µs
			1.261ms ± 1µs
		}
		Fibonacci(10) {
			6.89 ± 0.00 tx/µs
			9.505ms ± 4µs
		}
		Fibonacci(15) {
			0.63 ± 0.00 tx/µs
			104.081ms ± 1µs
		}
	}
}
ParallelCollect {
	8 schedulers, 24 executors {
		Transfer(0.0%) {
			53.02 ± 2.24 tx/µs
			1.236ms ± 50µs	(scheduling: 470µs ± 11µs, execution: 926µs ± 48µs)
		}
		Transfer(0.1%) {
			41.50 ± 2.13 tx/µs
			1.579ms ± 77µs	(scheduling: 587µs ± 21µs, execution: 1.253ms ± 75µs)
		}
		Transfer(0.5%) {
			45.45 ± 2.25 tx/µs
			1.442ms ± 68µs	(scheduling: 591µs ± 18µs, execution: 1.143ms ± 67µs)
		}
		TransferPiece(0.0%) {
			8.84 ± 0.07 tx/µs
			7.412ms ± 59µs	(scheduling: 823µs ± 18µs, execution: 6.938ms ± 56µs)
		}
		TransferPiece(0.1%) {
			8.46 ± 0.09 tx/µs
			7.743ms ± 83µs	(scheduling: 916µs ± 22µs, execution: 7.271ms ± 81µs)
		}
		TransferPiece(0.5%) {
			8.46 ± 0.08 tx/µs
			7.75ms ± 73µs	(scheduling: 873µs ± 20µs, execution: 7.334ms ± 73µs)
		}
		Fibonacci(5) {
			72.66 ± 3.82 tx/µs
			902µs ± 45µs	(scheduling: 510µs ± 16µs, execution: 518µs ± 39µs)
		}
		Fibonacci(10) {
			31.86 ± 0.41 tx/µs
			2.057ms ± 26µs	(scheduling: 551µs ± 15µs, execution: 1.754ms ± 24µs)
		}
		Fibonacci(15) {
			6.15 ± 0.01 tx/µs
			10.662ms ± 21µs	(scheduling: 1.598ms ± 25µs, execution: 10.362ms ± 21µs)
		}
	}
}
ParallelImmediate {
	8 schedulers, 24 executors {
		Transfer(0.0%) {
			50.07 ± 1.91 tx/µs
			1.309ms ± 48µs	(scheduling: 507µs ± 13µs, execution: 973µs ± 47µs)
		}
		Transfer(0.1%) {
			42.34 ± 2.28 tx/µs
			1.548ms ± 79µs	(scheduling: 565µs ± 20µs, execution: 1.214ms ± 78µs)
		}
		Transfer(0.5%) {
			46.51 ± 2.00 tx/µs
			1.409ms ± 58µs	(scheduling: 584µs ± 20µs, execution: 1.1ms ± 58µs)
		}
		TransferPiece(0.0%) {
			8.88 ± 0.07 tx/µs
			7.38ms ± 55µs	(scheduling: 2.342ms ± 14µs, execution: 7.107ms ± 55µs)
		}
		TransferPiece(0.1%) {
			8.85 ± 0.07 tx/µs
			7.403ms ± 59µs	(scheduling: 2.411ms ± 23µs, execution: 7.103ms ± 56µs)
		}
		TransferPiece(0.5%) {
			7.28 ± 0.11 tx/µs
			8.997ms ± 130µs	(scheduling: 2.421ms ± 20µs, execution: 8.681ms ± 125µs)
		}
		Fibonacci(5) {
			80.61 ± 3.52 tx/µs
			813µs ± 34µs	(scheduling: 492µs ± 14µs, execution: 478µs ± 31µs)
		}
		Fibonacci(10) {
			30.45 ± 0.45 tx/µs
			2.152ms ± 31µs	(scheduling: 607µs ± 17µs, execution: 1.789ms ± 26µs)
		}
		Fibonacci(15) {
			6.12 ± 0.01 tx/µs
			10.711ms ± 21µs	(scheduling: 1.661ms ± 52µs, execution: 10.41ms ± 19µs)
		}
	}
}
Done. Took 50.29s

