Sequential {
	8 schedulers, 24 executors {
		Transfer(0.0%) {
			53.67 ± 0.22 tx/µs
			1.221ms ± 5µs
		}
		Transfer(0.1%) {
			53.81 ± 0.27 tx/µs
			1.218ms ± 6µs
		}
		Transfer(0.5%) {
			53.67 ± 0.31 tx/µs
			1.221ms ± 7µs
		}
		TransferPiece(0.0%) {
			16.64 ± 0.04 tx/µs
			3.939ms ± 10µs
		}
		TransferPiece(0.1%) {
			16.74 ± 0.05 tx/µs
			3.914ms ± 11µs
		}
		TransferPiece(0.5%) {
			17.12 ± 0.05 tx/µs
			3.829ms ± 11µs
		}
		Fibonacci(5) {
			52.26 ± 0.13 tx/µs
			1.254ms ± 3µs
		}
		Fibonacci(10) {
			6.89 ± 0.00 tx/µs
			9.507ms ± 5µs
		}
		Fibonacci(15) {
			0.63 ± 0.00 tx/µs
			104.077ms ± 1µs
		}
	}
}
ParallelCollect {
	8 schedulers, 24 executors {
		Transfer(0.0%) {
			52.94 ± 1.63 tx/µs
			1.238ms ± 37µs	(scheduling: 521µs ± 16µs, execution: 879µs ± 35µs)
		}
		Transfer(0.1%) {
			44.83 ± 2.36 tx/µs
			1.462ms ± 73µs	(scheduling: 589µs ± 19µs, execution: 1.141ms ± 74µs)
		}
		Transfer(0.5%) {
			44.55 ± 2.23 tx/µs
			1.471ms ± 70µs	(scheduling: 607µs ± 14µs, execution: 1.162ms ± 70µs)
		}
		TransferPiece(0.0%) {
			9.09 ± 0.08 tx/µs
			7.208ms ± 63µs	(scheduling: 790µs ± 12µs, execution: 6.769ms ± 63µs)
		}
		TransferPiece(0.1%) {
			8.59 ± 0.09 tx/µs
			7.633ms ± 81µs	(scheduling: 848µs ± 18µs, execution: 7.234ms ± 80µs)
		}
		TransferPiece(0.5%) {
			8.64 ± 0.08 tx/µs
			7.583ms ± 73µs	(scheduling: 925µs ± 17µs, execution: 7.122ms ± 71µs)
		}
		Fibonacci(5) {
			84.13 ± 3.37 tx/µs
			779µs ± 30µs	(scheduling: 467µs ± 11µs, execution: 462µs ± 27µs)
		}
		Fibonacci(10) {
			31.54 ± 0.31 tx/µs
			2.078ms ± 20µs	(scheduling: 527µs ± 12µs, execution: 1.79ms ± 20µs)
		}
		Fibonacci(15) {
			6.15 ± 0.01 tx/µs
			10.653ms ± 23µs	(scheduling: 1.59ms ± 42µs, execution: 10.359ms ± 22µs)
		}
	}
}
ParallelImmediate {
	8 schedulers, 24 executors {
		Transfer(0.0%) {
			53.72 ± 1.68 tx/µs
			1.22ms ± 37µs	(scheduling: 480µs ± 13µs, execution: 913µs ± 37µs)
		}
		Transfer(0.1%) {
			42.56 ± 2.09 tx/µs
			1.54ms ± 72µs	(scheduling: 571µs ± 21µs, execution: 1.206ms ± 72µs)
		}
		Transfer(0.5%) {
			44.70 ± 2.11 tx/µs
			1.466ms ± 66µs	(scheduling: 622µs ± 16µs, execution: 1.128ms ± 67µs)
		}
		TransferPiece(0.0%) {
			9.00 ± 0.08 tx/µs
			7.283ms ± 68µs	(scheduling: 2.291ms ± 14µs, execution: 7.003ms ± 69µs)
		}
		TransferPiece(0.1%) {
			8.93 ± 0.07 tx/µs
			7.338ms ± 55µs	(scheduling: 2.384ms ± 18µs, execution: 7.059ms ± 52µs)
		}
		TransferPiece(0.5%) {
			7.29 ± 0.11 tx/µs
			8.988ms ± 135µs	(scheduling: 2.386ms ± 15µs, execution: 8.705ms ± 134µs)
		}
		Fibonacci(5) {
			82.13 ± 3.54 tx/µs
			798µs ± 33µs	(scheduling: 479µs ± 12µs, execution: 449µs ± 29µs)
		}
		Fibonacci(10) {
			31.22 ± 0.35 tx/µs
			2.099ms ± 23µs	(scheduling: 559µs ± 14µs, execution: 1.786ms ± 23µs)
		}
		Fibonacci(15) {
			6.12 ± 0.01 tx/µs
			10.7ms ± 18µs	(scheduling: 1.673ms ± 54µs, execution: 10.39ms ± 17µs)
		}
	}
}
Done. Took 37.41s

