Benchmarking... 
let dimensions = ['...', '2 exec', '4 exec', '8 exec', '12 exec', '16 exec', '20 exec'];
Workload: Transfer(0.0) ====================================================
let title = 'Collect: Transfer(0.0)'; // --------------------
let sequential_throughput = 32.573;
let data = [
	['1 schedulers', 18.306, 23.910, 25.333, 24.796, 24.852, 24.947],
	['2 schedulers', 33.781, 42.091, 46.745, 46.845, 46.055, 46.745],
	['4 schedulers', 48.871, 63.875, 69.868, 73.636, 72.576, 71.235],
	['8 schedulers', 51.603, 70.926, 79.150, 89.043, 78.205, 63.320],
];

Workload: Transfer(0.5) ====================================================
let title = 'Collect: Transfer(0.5)'; // --------------------
let sequential_throughput = 39.791;
let data = [
	['1 schedulers', 20.011, 20.302, 19.692, 19.107, 17.495, 17.411],
	['2 schedulers', 31.737, 36.208, 35.969, 34.205, 31.387, 30.021],
	['4 schedulers', 43.896, 46.811, 47.182, 43.201, 38.733, 35.065],
	['8 schedulers', 46.545, 50.412, 45.733, 42.145, 35.234, 30.215],
];

Done. Took 120.09s

==================================================================================
==================================================================================
==================================================================================
Sequential 1 sch, 1 exec: Transfer(0.0) {
	32.57 ± 0.59 tx/µs
	2.012ms ± 36µs
}
Collect 1 sch, 2 exec: Transfer(0.0) {
	18.31 ± 0.18 tx/µs
	3.58ms ± 35µs	(scheduling: 2.284ms ± 13µs, execution: 1.102ms ± 21µs)
}
Collect 1 sch, 4 exec: Transfer(0.0) {
	23.91 ± 0.05 tx/µs
	2.741ms ± 6µs	(scheduling: 2.14ms ± 3µs, execution: 424µs ± 2µs)
}
Collect 1 sch, 8 exec: Transfer(0.0) {
	25.33 ± 0.05 tx/µs
	2.587ms ± 5µs	(scheduling: 2.169ms ± 3µs, execution: 254µs ± 1µs)
}
Collect 1 sch, 12 exec: Transfer(0.0) {
	24.80 ± 0.06 tx/µs
	2.643ms ± 6µs	(scheduling: 2.257ms ± 4µs, execution: 225µs ± 2µs)
}
Collect 1 sch, 16 exec: Transfer(0.0) {
	24.85 ± 0.03 tx/µs
	2.637ms ± 3µs	(scheduling: 2.283ms ± 3µs, execution: 196µs ± 0ns)
}
Collect 1 sch, 20 exec: Transfer(0.0) {
	24.95 ± 0.12 tx/µs
	2.627ms ± 13µs	(scheduling: 2.27ms ± 3µs, execution: 137µs ± 0ns)
}
Collect 2 sch, 2 exec: Transfer(0.0) {
	33.78 ± 0.12 tx/µs
	1.94ms ± 7µs	(scheduling: 945µs ± 1µs, execution: 789µs ± 6µs)
}
Collect 2 sch, 4 exec: Transfer(0.0) {
	42.09 ± 0.05 tx/µs
	1.557ms ± 2µs	(scheduling: 938µs ± 1µs, execution: 402µs ± 1µs)
}
Collect 2 sch, 8 exec: Transfer(0.0) {
	46.74 ± 0.10 tx/µs
	1.402ms ± 3µs	(scheduling: 952µs ± 1µs, execution: 314µs ± 0ns)
}
Collect 2 sch, 12 exec: Transfer(0.0) {
	46.84 ± 0.07 tx/µs
	1.399ms ± 2µs	(scheduling: 967µs ± 2µs, execution: 257µs ± 0ns)
}
Collect 2 sch, 16 exec: Transfer(0.0) {
	46.05 ± 0.06 tx/µs
	1.423ms ± 2µs	(scheduling: 1.005ms ± 1µs, execution: 214µs ± 0ns)
}
Collect 2 sch, 20 exec: Transfer(0.0) {
	46.74 ± 0.07 tx/µs
	1.402ms ± 2µs	(scheduling: 992µs ± 1µs, execution: 187µs ± 0ns)
}
Collect 4 sch, 2 exec: Transfer(0.0) {
	48.87 ± 0.11 tx/µs
	1.341ms ± 3µs	(scheduling: 387µs ± 0ns, execution: 725µs ± 2µs)
}
Collect 4 sch, 4 exec: Transfer(0.0) {
	63.88 ± 0.12 tx/µs
	1.026ms ± 2µs	(scheduling: 387µs ± 1µs, execution: 397µs ± 1µs)
}
Collect 4 sch, 8 exec: Transfer(0.0) {
	69.87 ± 0.07 tx/µs
	938µs ± 1µs	(scheduling: 397µs ± 1µs, execution: 337µs ± 0ns)
}
Collect 4 sch, 12 exec: Transfer(0.0) {
	73.64 ± 0.08 tx/µs
	890µs ± 1µs	(scheduling: 392µs ± 1µs, execution: 257µs ± 0ns)
}
Collect 4 sch, 16 exec: Transfer(0.0) {
	72.58 ± 0.16 tx/µs
	903µs ± 2µs	(scheduling: 441µs ± 1µs, execution: 205µs ± 0ns)
}
Collect 4 sch, 20 exec: Transfer(0.0) {
	71.23 ± 0.08 tx/µs
	920µs ± 1µs	(scheduling: 434µs ± 1µs, execution: 152µs ± 0ns)
}
Collect 8 sch, 2 exec: Transfer(0.0) {
	51.60 ± 0.12 tx/µs
	1.27ms ± 3µs	(scheduling: 188µs ± 0ns, execution: 806µs ± 2µs)
}
Collect 8 sch, 4 exec: Transfer(0.0) {
	70.93 ± 0.08 tx/µs
	924µs ± 1µs	(scheduling: 185µs ± 0ns, execution: 450µs ± 1µs)
}
Collect 8 sch, 8 exec: Transfer(0.0) {
	79.15 ± 0.10 tx/µs
	828µs ± 1µs	(scheduling: 186µs ± 0ns, execution: 334µs ± 0ns)
}
Collect 8 sch, 12 exec: Transfer(0.0) {
	89.04 ± 0.12 tx/µs
	736µs ± 1µs	(scheduling: 201µs ± 0ns, execution: 234µs ± 0ns)
}
Collect 8 sch, 16 exec: Transfer(0.0) {
	78.21 ± 0.00 tx/µs
	838µs ± 0ns	(scheduling: 194µs ± 0ns, execution: 182µs ± 0ns)
}
Collect 8 sch, 20 exec: Transfer(0.0) {
	63.32 ± 0.18 tx/µs
	1.035ms ± 3µs	(scheduling: 193µs ± 0ns, execution: 165µs ± 1µs)
}
Sequential 1 sch, 1 exec: Transfer(0.5) {
	39.79 ± 0.27 tx/µs
	1.647ms ± 11µs
}
Collect 1 sch, 2 exec: Transfer(0.5) {
	20.01 ± 0.13 tx/µs
	3.275ms ± 21µs	(scheduling: 3.08ms ± 3µs, execution: 766µs ± 10µs)
}
Collect 1 sch, 4 exec: Transfer(0.5) {
	20.30 ± 0.03 tx/µs
	3.228ms ± 5µs	(scheduling: 3.11ms ± 4µs, execution: 430µs ± 1µs)
}
Collect 1 sch, 8 exec: Transfer(0.5) {
	19.69 ± 0.02 tx/µs
	3.328ms ± 4µs	(scheduling: 3.125ms ± 4µs, execution: 342µs ± 1µs)
}
Collect 1 sch, 12 exec: Transfer(0.5) {
	19.11 ± 0.02 tx/µs
	3.43ms ± 4µs	(scheduling: 3.166ms ± 4µs, execution: 276µs ± 0ns)
}
Collect 1 sch, 16 exec: Transfer(0.5) {
	17.49 ± 0.05 tx/µs
	3.746ms ± 10µs	(scheduling: 3.39ms ± 10µs, execution: 260µs ± 3µs)
}
Collect 1 sch, 20 exec: Transfer(0.5) {
	17.41 ± 0.02 tx/µs
	3.764ms ± 4µs	(scheduling: 3.348ms ± 4µs, execution: 213µs ± 1µs)
}
Collect 2 sch, 2 exec: Transfer(0.5) {
	31.74 ± 0.09 tx/µs
	2.065ms ± 6µs	(scheduling: 1.195ms ± 2µs, execution: 821µs ± 4µs)
}
Collect 2 sch, 4 exec: Transfer(0.5) {
	36.21 ± 0.10 tx/µs
	1.81ms ± 5µs	(scheduling: 1.198ms ± 2µs, execution: 442µs ± 3µs)
}
Collect 2 sch, 8 exec: Transfer(0.5) {
	35.97 ± 0.06 tx/µs
	1.822ms ± 3µs	(scheduling: 1.218ms ± 2µs, execution: 376µs ± 1µs)
}
Collect 2 sch, 12 exec: Transfer(0.5) {
	34.20 ± 0.05 tx/µs
	1.916ms ± 3µs	(scheduling: 1.239ms ± 2µs, execution: 299µs ± 0ns)
}
Collect 2 sch, 16 exec: Transfer(0.5) {
	31.39 ± 0.05 tx/µs
	2.088ms ± 3µs	(scheduling: 1.376ms ± 3µs, execution: 251µs ± 1µs)
}
Collect 2 sch, 20 exec: Transfer(0.5) {
	30.02 ± 0.03 tx/µs
	2.183ms ± 2µs	(scheduling: 1.347ms ± 2µs, execution: 215µs ± 0ns)
}
Collect 4 sch, 2 exec: Transfer(0.5) {
	43.90 ± 0.12 tx/µs
	1.493ms ± 4µs	(scheduling: 452µs ± 1µs, execution: 775µs ± 3µs)
}
Collect 4 sch, 4 exec: Transfer(0.5) {
	46.81 ± 0.07 tx/µs
	1.4ms ± 2µs	(scheduling: 450µs ± 1µs, execution: 589µs ± 1µs)
}
Collect 4 sch, 8 exec: Transfer(0.5) {
	47.18 ± 0.07 tx/µs
	1.389ms ± 2µs	(scheduling: 455µs ± 1µs, execution: 374µs ± 0ns)
}
Collect 4 sch, 12 exec: Transfer(0.5) {
	43.20 ± 0.06 tx/µs
	1.517ms ± 2µs	(scheduling: 467µs ± 2µs, execution: 294µs ± 0ns)
}
Collect 4 sch, 16 exec: Transfer(0.5) {
	38.73 ± 0.02 tx/µs
	1.692ms ± 1µs	(scheduling: 500µs ± 1µs, execution: 240µs ± 0ns)
}
Collect 4 sch, 20 exec: Transfer(0.5) {
	35.06 ± 0.02 tx/µs
	1.869ms ± 1µs	(scheduling: 496µs ± 1µs, execution: 181µs ± 0ns)
}
Collect 8 sch, 2 exec: Transfer(0.5) {
	46.55 ± 0.10 tx/µs
	1.408ms ± 3µs	(scheduling: 201µs ± 0ns, execution: 821µs ± 2µs)
}
Collect 8 sch, 4 exec: Transfer(0.5) {
	50.41 ± 0.04 tx/µs
	1.3ms ± 1µs	(scheduling: 201µs ± 0ns, execution: 504µs ± 1µs)
}
Collect 8 sch, 8 exec: Transfer(0.5) {
	45.73 ± 0.10 tx/µs
	1.433ms ± 3µs	(scheduling: 203µs ± 0ns, execution: 370µs ± 1µs)
}
Collect 8 sch, 12 exec: Transfer(0.5) {
	42.15 ± 0.03 tx/µs
	1.555ms ± 1µs	(scheduling: 215µs ± 0ns, execution: 281µs ± 0ns)
}
Collect 8 sch, 16 exec: Transfer(0.5) {
	35.23 ± 0.04 tx/µs
	1.86ms ± 2µs	(scheduling: 214µs ± 0ns, execution: 232µs ± 1µs)
}
Collect 8 sch, 20 exec: Transfer(0.5) {
	30.21 ± 0.01 tx/µs
	2.169ms ± 1µs	(scheduling: 211µs ± 0ns, execution: 190µs ± 0ns)
}
main took 120.09s
