Sequential {
	8 schedulers, 24 executors {
		Fibonacci(10) {
			6.80 ± 0.00 tx/µs
			9.641ms ± 5µs
		}
		Transfer(0.0%) {
			44.13 ± 0.66 tx/µs
			1.485ms ± 22µs
		}
		Transfer(0.1%) {
			45.17 ± 0.35 tx/µs
			1.451ms ± 11µs
		}
		Transfer(0.5%) {
			45.51 ± 0.41 tx/µs
			1.44ms ± 13µs
		}
		TransferPiece(0.0%) {
			15.99 ± 0.09 tx/µs
			4.098ms ± 23µs
		}
		TransferPiece(0.1%) {
			16.13 ± 0.08 tx/µs
			4.063ms ± 21µs
		}
		TransferPiece(0.5%) {
			15.85 ± 0.23 tx/µs
			4.135ms ± 58µs
		}
	}
}
ParallelCollect {
	8 schedulers, 24 executors {
		Fibonacci(10) {
			27.05 ± 0.42 tx/µs
			2.423ms ± 37µs	(scheduling: 908µs ± 28µs, execution: 1.806ms ± 28µs)
		}
		Transfer(0.0%) {
			37.09 ± 1.24 tx/µs
			1.767ms ± 57µs	(scheduling: 960µs ± 32µs, execution: 1.031ms ± 44µs)
		}
		Transfer(0.1%) {
			33.28 ± 1.52 tx/µs
			1.969ms ± 86µs	(scheduling: 1.04ms ± 32µs, execution: 1.288ms ± 81µs)
		}
		Transfer(0.5%) {
			32.00 ± 1.28 tx/µs
			2.048ms ± 79µs	(scheduling: 1.24ms ± 38µs, execution: 1.269ms ± 67µs)
		}
		TransferPiece(0.0%) {
			7.33 ± 0.07 tx/µs
			8.943ms ± 80µs	(scheduling: 1.561ms ± 37µs, execution: 7.889ms ± 60µs)
		}
		TransferPiece(0.1%) {
			7.00 ± 0.07 tx/µs
			9.365ms ± 97µs	(scheduling: 1.655ms ± 40µs, execution: 8.364ms ± 88µs)
		}
		TransferPiece(0.5%) {
			7.15 ± 0.06 tx/µs
			9.162ms ± 79µs	(scheduling: 1.708ms ± 32µs, execution: 8.228ms ± 76µs)
		}
	}
}
ParallelImmediate {
	8 schedulers, 24 executors {
		Fibonacci(10) {
			27.32 ± 0.36 tx/µs
			2.399ms ± 31µs	(scheduling: 940µs ± 28µs, execution: 1.799ms ± 28µs)
		}
		Transfer(0.0%) {
			41.24 ± 1.23 tx/µs
			1.589ms ± 46µs	(scheduling: 912µs ± 32µs, execution: 976µs ± 41µs)
		}
		Transfer(0.1%) {
			33.35 ± 1.36 tx/µs
			1.965ms ± 77µs	(scheduling: 1.053ms ± 37µs, execution: 1.355ms ± 75µs)
		}
		Transfer(0.5%) {
			34.90 ± 1.31 tx/µs
			1.878ms ± 68µs	(scheduling: 1.141ms ± 34µs, execution: 1.263ms ± 68µs)
		}
		TransferPiece(0.0%) {
			8.01 ± 0.08 tx/µs
			8.18ms ± 78µs	(scheduling: 3.009ms ± 27µs, execution: 7.42ms ± 65µs)
		}
		TransferPiece(0.1%) {
			8.19 ± 0.07 tx/µs
			8ms ± 69µs	(scheduling: 2.949ms ± 20µs, execution: 7.369ms ± 67µs)
		}
		TransferPiece(0.5%) {
			6.76 ± 0.09 tx/µs
			9.701ms ± 131µs	(scheduling: 2.971ms ± 24µs, execution: 9.084ms ± 131µs)
		}
	}
}
Done. Took 32.52s

