// Transfer(0.0): =======================================================================
{workload: 'Transfer(0.0)', scheduling: 'basic', size: 65537, parallelism: 0.000, latency: 125, iter: 1 },
{workload: 'Transfer(0.0)', scheduling: 'basic', size: 32769, parallelism: 0.000, latency: 126, iter: 1 },
{workload: 'Transfer(0.0)', scheduling: 'basic', size: 16385, parallelism: 0.000, latency: 124, iter: 1 },
{workload: 'Transfer(0.0)', scheduling: 'basic', size: 8193, parallelism: 0.000, latency: 124, iter: 1 },
{workload: 'Transfer(0.0)', scheduling: 'basic', size: 4097, parallelism: 0.000, latency: 124, iter: 1 },
{workload: 'Transfer(0.0)', scheduling: 'basic', size: 2731, parallelism: 0.000, latency: 124, iter: 1 },
{workload: 'Transfer(0.0)', scheduling: 'basic', size: 2049, parallelism: 0.000, latency: 124, iter: 1 },

{workload: 'Transfer(0.0)', scheduling: 'address', size: 65537, parallelism: 1.000, latency: 3068, iter: 1 },
{workload: 'Transfer(0.0)', scheduling: 'address', size: 32769, parallelism: 1.000, latency: 2983, iter: 1 },
{workload: 'Transfer(0.0)', scheduling: 'address', size: 16385, parallelism: 1.000, latency: 2792, iter: 1 },
{workload: 'Transfer(0.0)', scheduling: 'address', size: 8193, parallelism: 1.000, latency: 2623, iter: 1 },
{workload: 'Transfer(0.0)', scheduling: 'address', size: 4097, parallelism: 1.000, latency: 2576, iter: 1 },
{workload: 'Transfer(0.0)', scheduling: 'address', size: 2731, parallelism: 1.000, latency: 2541, iter: 1 },
{workload: 'Transfer(0.0)', scheduling: 'address', size: 2049, parallelism: 1.000, latency: 2586, iter: 1 },

{workload: 'Transfer(0.0)', scheduling: 'read/write', size: 65537, parallelism: 1.000, latency: 1874, iter: 1 },
{workload: 'Transfer(0.0)', scheduling: 'read/write', size: 32769, parallelism: 1.000, latency: 1705, iter: 1 },
{workload: 'Transfer(0.0)', scheduling: 'read/write', size: 16385, parallelism: 1.000, latency: 1605, iter: 1 },
{workload: 'Transfer(0.0)', scheduling: 'read/write', size: 8193, parallelism: 1.000, latency: 1522, iter: 1 },
{workload: 'Transfer(0.0)', scheduling: 'read/write', size: 4097, parallelism: 1.000, latency: 1404, iter: 1 },
{workload: 'Transfer(0.0)', scheduling: 'read/write', size: 2731, parallelism: 1.000, latency: 1320, iter: 1 },
{workload: 'Transfer(0.0)', scheduling: 'read/write', size: 2049, parallelism: 1.000, latency: 1311, iter: 1 },

{workload: 'Transfer(0.0)', scheduling: 'assign(4)', size: 65537, parallelism: 1.000, latency: 3705, iter: 1 },
{workload: 'Transfer(0.0)', scheduling: 'assign(4)', size: 32769, parallelism: 1.000, latency: 3279, iter: 1 },
{workload: 'Transfer(0.0)', scheduling: 'assign(4)', size: 16385, parallelism: 1.000, latency: 3156, iter: 1 },
{workload: 'Transfer(0.0)', scheduling: 'assign(4)', size: 8193, parallelism: 1.000, latency: 3097, iter: 1 },
{workload: 'Transfer(0.0)', scheduling: 'assign(4)', size: 4097, parallelism: 1.000, latency: 3003, iter: 1 },
{workload: 'Transfer(0.0)', scheduling: 'assign(4)', size: 2731, parallelism: 1.000, latency: 2568, iter: 1 },
{workload: 'Transfer(0.0)', scheduling: 'assign(4)', size: 2049, parallelism: 1.000, latency: 2514, iter: 1 },
{workload: 'Transfer(0.0)', scheduling: 'assign(8)', size: 65537, parallelism: 1.000, latency: 3755, iter: 1 },
{workload: 'Transfer(0.0)', scheduling: 'assign(8)', size: 32769, parallelism: 1.000, latency: 3289, iter: 1 },
{workload: 'Transfer(0.0)', scheduling: 'assign(8)', size: 16385, parallelism: 1.000, latency: 3158, iter: 1 },
{workload: 'Transfer(0.0)', scheduling: 'assign(8)', size: 8193, parallelism: 1.000, latency: 3097, iter: 1 },
{workload: 'Transfer(0.0)', scheduling: 'assign(8)', size: 4097, parallelism: 1.000, latency: 3002, iter: 1 },
{workload: 'Transfer(0.0)', scheduling: 'assign(8)', size: 2731, parallelism: 1.000, latency: 2578, iter: 1 },
{workload: 'Transfer(0.0)', scheduling: 'assign(8)', size: 2049, parallelism: 1.000, latency: 2530, iter: 1 },
{workload: 'Transfer(0.0)', scheduling: 'assign(16)', size: 65537, parallelism: 1.000, latency: 3696, iter: 1 },
{workload: 'Transfer(0.0)', scheduling: 'assign(16)', size: 32769, parallelism: 1.000, latency: 3285, iter: 1 },
{workload: 'Transfer(0.0)', scheduling: 'assign(16)', size: 16385, parallelism: 1.000, latency: 3160, iter: 1 },
{workload: 'Transfer(0.0)', scheduling: 'assign(16)', size: 8193, parallelism: 1.000, latency: 3099, iter: 1 },
{workload: 'Transfer(0.0)', scheduling: 'assign(16)', size: 4097, parallelism: 1.000, latency: 3010, iter: 1 },
{workload: 'Transfer(0.0)', scheduling: 'assign(16)', size: 2731, parallelism: 1.000, latency: 2578, iter: 1 },
{workload: 'Transfer(0.0)', scheduling: 'assign(16)', size: 2049, parallelism: 1.000, latency: 2533, iter: 1 },
{workload: 'Transfer(0.0)', scheduling: 'assign(24)', size: 65537, parallelism: 1.000, latency: 3698, iter: 1 },
{workload: 'Transfer(0.0)', scheduling: 'assign(24)', size: 32769, parallelism: 1.000, latency: 3281, iter: 1 },
{workload: 'Transfer(0.0)', scheduling: 'assign(24)', size: 16385, parallelism: 1.000, latency: 3162, iter: 1 },
{workload: 'Transfer(0.0)', scheduling: 'assign(24)', size: 8193, parallelism: 1.000, latency: 3099, iter: 1 },
{workload: 'Transfer(0.0)', scheduling: 'assign(24)', size: 4097, parallelism: 1.000, latency: 3004, iter: 1 },
{workload: 'Transfer(0.0)', scheduling: 'assign(24)', size: 2731, parallelism: 1.000, latency: 2583, iter: 1 },
{workload: 'Transfer(0.0)', scheduling: 'assign(24)', size: 2049, parallelism: 1.000, latency: 2522, iter: 1 },
{workload: 'Transfer(0.0)', scheduling: 'assign(32)', size: 65537, parallelism: 1.000, latency: 3732, iter: 1 },
{workload: 'Transfer(0.0)', scheduling: 'assign(32)', size: 32769, parallelism: 1.000, latency: 3421, iter: 1 },
{workload: 'Transfer(0.0)', scheduling: 'assign(32)', size: 16385, parallelism: 1.000, latency: 3170, iter: 1 },
{workload: 'Transfer(0.0)', scheduling: 'assign(32)', size: 8193, parallelism: 1.000, latency: 3099, iter: 1 },
{workload: 'Transfer(0.0)', scheduling: 'assign(32)', size: 4097, parallelism: 1.000, latency: 3007, iter: 1 },
{workload: 'Transfer(0.0)', scheduling: 'assign(32)', size: 2731, parallelism: 1.000, latency: 2586, iter: 1 },
{workload: 'Transfer(0.0)', scheduling: 'assign(32)', size: 2049, parallelism: 1.000, latency: 2539, iter: 1 },


// Transfer(0.5): =======================================================================
{workload: 'Transfer(0.5)', scheduling: 'basic', size: 65537, parallelism: 0.000, latency: 126, iter: 1 },
{workload: 'Transfer(0.5)', scheduling: 'basic', size: 32769, parallelism: 0.000, latency: 125, iter: 1 },
{workload: 'Transfer(0.5)', scheduling: 'basic', size: 16385, parallelism: 0.000, latency: 124, iter: 1 },
{workload: 'Transfer(0.5)', scheduling: 'basic', size: 8193, parallelism: 0.000, latency: 124, iter: 1 },
{workload: 'Transfer(0.5)', scheduling: 'basic', size: 4097, parallelism: 0.000, latency: 124, iter: 1 },
{workload: 'Transfer(0.5)', scheduling: 'basic', size: 2731, parallelism: 0.000, latency: 124, iter: 1 },
{workload: 'Transfer(0.5)', scheduling: 'basic', size: 2049, parallelism: 0.000, latency: 124, iter: 1 },

{workload: 'Transfer(0.5)', scheduling: 'address', size: 65537, parallelism: 0.721, latency: 3158, iter: 1 },
{workload: 'Transfer(0.5)', scheduling: 'address', size: 32769, parallelism: 0.845, latency: 3028, iter: 1 },
{workload: 'Transfer(0.5)', scheduling: 'address', size: 16385, parallelism: 0.918, latency: 2839, iter: 1 },
{workload: 'Transfer(0.5)', scheduling: 'address', size: 8193, parallelism: 0.958, latency: 2654, iter: 1 },
{workload: 'Transfer(0.5)', scheduling: 'address', size: 4097, parallelism: 0.978, latency: 2604, iter: 1 },
{workload: 'Transfer(0.5)', scheduling: 'address', size: 2731, parallelism: 0.985, latency: 2547, iter: 1 },
{workload: 'Transfer(0.5)', scheduling: 'address', size: 2049, parallelism: 0.989, latency: 2580, iter: 1 },
{workload: 'Transfer(0.5)', scheduling: 'address', size: 65537, parallelism: 0.942, latency: 4285, iter: 2 },
{workload: 'Transfer(0.5)', scheduling: 'address', size: 32769, parallelism: 0.913, latency: 3406, iter: 2 },
{workload: 'Transfer(0.5)', scheduling: 'address', size: 16385, parallelism: 0.937, latency: 2973, iter: 2 },
{workload: 'Transfer(0.5)', scheduling: 'address', size: 8193, parallelism: 0.963, latency: 2708, iter: 2 },
{workload: 'Transfer(0.5)', scheduling: 'address', size: 4097, parallelism: 0.980, latency: 2629, iter: 2 },
{workload: 'Transfer(0.5)', scheduling: 'address', size: 2731, parallelism: 0.986, latency: 2555, iter: 2 },
{workload: 'Transfer(0.5)', scheduling: 'address', size: 2049, parallelism: 0.989, latency: 2594, iter: 2 },
{workload: 'Transfer(0.5)', scheduling: 'address', size: 65537, parallelism: 0.987, latency: 4774, iter: 3 },
{workload: 'Transfer(0.5)', scheduling: 'address', size: 32769, parallelism: 0.921, latency: 3596, iter: 3 },
{workload: 'Transfer(0.5)', scheduling: 'address', size: 16385, parallelism: 0.938, latency: 3054, iter: 3 },
{workload: 'Transfer(0.5)', scheduling: 'address', size: 8193, parallelism: 0.963, latency: 2747, iter: 3 },
{workload: 'Transfer(0.5)', scheduling: 'address', size: 4097, parallelism: 0.980, latency: 2641, iter: 3 },
{workload: 'Transfer(0.5)', scheduling: 'address', size: 2731, parallelism: 0.986, latency: 2565, iter: 3 },
{workload: 'Transfer(0.5)', scheduling: 'address', size: 2049, parallelism: 0.989, latency: 2583, iter: 3 },

{workload: 'Transfer(0.5)', scheduling: 'read/write', size: 65537, parallelism: 0.721, latency: 2000, iter: 1 },
{workload: 'Transfer(0.5)', scheduling: 'read/write', size: 32769, parallelism: 0.845, latency: 1753, iter: 1 },
{workload: 'Transfer(0.5)', scheduling: 'read/write', size: 16385, parallelism: 0.918, latency: 1625, iter: 1 },
{workload: 'Transfer(0.5)', scheduling: 'read/write', size: 8193, parallelism: 0.958, latency: 1505, iter: 1 },
{workload: 'Transfer(0.5)', scheduling: 'read/write', size: 4097, parallelism: 0.978, latency: 1376, iter: 1 },
{workload: 'Transfer(0.5)', scheduling: 'read/write', size: 2731, parallelism: 0.985, latency: 1288, iter: 1 },
{workload: 'Transfer(0.5)', scheduling: 'read/write', size: 2049, parallelism: 0.989, latency: 1277, iter: 1 },
{workload: 'Transfer(0.5)', scheduling: 'read/write', size: 65537, parallelism: 0.942, latency: 2541, iter: 2 },
{workload: 'Transfer(0.5)', scheduling: 'read/write', size: 32769, parallelism: 0.913, latency: 1888, iter: 2 },
{workload: 'Transfer(0.5)', scheduling: 'read/write', size: 16385, parallelism: 0.937, latency: 1660, iter: 2 },
{workload: 'Transfer(0.5)', scheduling: 'read/write', size: 8193, parallelism: 0.963, latency: 1511, iter: 2 },
{workload: 'Transfer(0.5)', scheduling: 'read/write', size: 4097, parallelism: 0.980, latency: 1378, iter: 2 },
{workload: 'Transfer(0.5)', scheduling: 'read/write', size: 2731, parallelism: 0.986, latency: 1288, iter: 2 },
{workload: 'Transfer(0.5)', scheduling: 'read/write', size: 2049, parallelism: 0.989, latency: 1277, iter: 2 },
{workload: 'Transfer(0.5)', scheduling: 'read/write', size: 65537, parallelism: 0.987, latency: 2667, iter: 3 },
{workload: 'Transfer(0.5)', scheduling: 'read/write', size: 32769, parallelism: 0.921, latency: 1914, iter: 3 },
{workload: 'Transfer(0.5)', scheduling: 'read/write', size: 16385, parallelism: 0.938, latency: 1665, iter: 3 },
{workload: 'Transfer(0.5)', scheduling: 'read/write', size: 8193, parallelism: 0.963, latency: 1514, iter: 3 },
{workload: 'Transfer(0.5)', scheduling: 'read/write', size: 4097, parallelism: 0.980, latency: 1378, iter: 3 },
{workload: 'Transfer(0.5)', scheduling: 'read/write', size: 2731, parallelism: 0.986, latency: 1289, iter: 3 },
{workload: 'Transfer(0.5)', scheduling: 'read/write', size: 2049, parallelism: 0.989, latency: 1277, iter: 3 },

{workload: 'Transfer(0.5)', scheduling: 'assign(4)', size: 65537, parallelism: 0.721, latency: 3315, iter: 1 },
{workload: 'Transfer(0.5)', scheduling: 'assign(4)', size: 32769, parallelism: 0.893, latency: 3305, iter: 1 },
{workload: 'Transfer(0.5)', scheduling: 'assign(4)', size: 16385, parallelism: 0.973, latency: 3251, iter: 1 },
{workload: 'Transfer(0.5)', scheduling: 'assign(4)', size: 8193, parallelism: 0.994, latency: 3165, iter: 1 },
{workload: 'Transfer(0.5)', scheduling: 'assign(4)', size: 4097, parallelism: 0.999, latency: 3046, iter: 1 },
{workload: 'Transfer(0.5)', scheduling: 'assign(4)', size: 2731, parallelism: 0.999, latency: 2612, iter: 1 },
{workload: 'Transfer(0.5)', scheduling: 'assign(4)', size: 2049, parallelism: 1.000, latency: 2561, iter: 1 },
{workload: 'Transfer(0.5)', scheduling: 'assign(8)', size: 65537, parallelism: 0.721, latency: 3392, iter: 1 },
{workload: 'Transfer(0.5)', scheduling: 'assign(8)', size: 32769, parallelism: 0.893, latency: 3305, iter: 1 },
{workload: 'Transfer(0.5)', scheduling: 'assign(8)', size: 16385, parallelism: 0.973, latency: 3252, iter: 1 },
{workload: 'Transfer(0.5)', scheduling: 'assign(8)', size: 8193, parallelism: 0.994, latency: 3166, iter: 1 },
{workload: 'Transfer(0.5)', scheduling: 'assign(8)', size: 4097, parallelism: 0.999, latency: 3039, iter: 1 },
{workload: 'Transfer(0.5)', scheduling: 'assign(8)', size: 2731, parallelism: 0.999, latency: 2614, iter: 1 },
{workload: 'Transfer(0.5)', scheduling: 'assign(8)', size: 2049, parallelism: 1.000, latency: 2553, iter: 1 },
{workload: 'Transfer(0.5)', scheduling: 'assign(16)', size: 65537, parallelism: 0.721, latency: 3327, iter: 1 },
{workload: 'Transfer(0.5)', scheduling: 'assign(16)', size: 32769, parallelism: 0.893, latency: 3309, iter: 1 },
{workload: 'Transfer(0.5)', scheduling: 'assign(16)', size: 16385, parallelism: 0.973, latency: 3261, iter: 1 },
{workload: 'Transfer(0.5)', scheduling: 'assign(16)', size: 8193, parallelism: 0.994, latency: 3166, iter: 1 },
{workload: 'Transfer(0.5)', scheduling: 'assign(16)', size: 4097, parallelism: 0.999, latency: 3048, iter: 1 },
{workload: 'Transfer(0.5)', scheduling: 'assign(16)', size: 2731, parallelism: 0.999, latency: 2625, iter: 1 },
{workload: 'Transfer(0.5)', scheduling: 'assign(16)', size: 2049, parallelism: 1.000, latency: 2561, iter: 1 },
{workload: 'Transfer(0.5)', scheduling: 'assign(24)', size: 65537, parallelism: 0.721, latency: 3318, iter: 1 },
{workload: 'Transfer(0.5)', scheduling: 'assign(24)', size: 32769, parallelism: 0.893, latency: 3305, iter: 1 },
{workload: 'Transfer(0.5)', scheduling: 'assign(24)', size: 16385, parallelism: 0.973, latency: 3256, iter: 1 },
{workload: 'Transfer(0.5)', scheduling: 'assign(24)', size: 8193, parallelism: 0.994, latency: 3166, iter: 1 },
{workload: 'Transfer(0.5)', scheduling: 'assign(24)', size: 4097, parallelism: 0.999, latency: 3045, iter: 1 },
{workload: 'Transfer(0.5)', scheduling: 'assign(24)', size: 2731, parallelism: 0.999, latency: 2619, iter: 1 },
{workload: 'Transfer(0.5)', scheduling: 'assign(24)', size: 2049, parallelism: 1.000, latency: 2567, iter: 1 },
{workload: 'Transfer(0.5)', scheduling: 'assign(32)', size: 65537, parallelism: 0.721, latency: 3344, iter: 1 },
{workload: 'Transfer(0.5)', scheduling: 'assign(32)', size: 32769, parallelism: 0.893, latency: 3342, iter: 1 },
{workload: 'Transfer(0.5)', scheduling: 'assign(32)', size: 16385, parallelism: 0.973, latency: 3259, iter: 1 },
{workload: 'Transfer(0.5)', scheduling: 'assign(32)', size: 8193, parallelism: 0.994, latency: 3168, iter: 1 },
{workload: 'Transfer(0.5)', scheduling: 'assign(32)', size: 4097, parallelism: 0.999, latency: 3049, iter: 1 },
{workload: 'Transfer(0.5)', scheduling: 'assign(32)', size: 2731, parallelism: 0.999, latency: 2614, iter: 1 },
{workload: 'Transfer(0.5)', scheduling: 'assign(32)', size: 2049, parallelism: 1.000, latency: 2558, iter: 1 },

// DHashMap: ============================================================================
{workload: 'DHashMap', scheduling: 'basic', size: 65537, parallelism: 0.498, latency: 561, iter: 1 },
{workload: 'DHashMap', scheduling: 'basic', size: 32769, parallelism: 0.498, latency: 550, iter: 1 },
{workload: 'DHashMap', scheduling: 'basic', size: 16385, parallelism: 0.498, latency: 543, iter: 1 },
{workload: 'DHashMap', scheduling: 'basic', size: 8193, parallelism: 0.498, latency: 533, iter: 1 },
{workload: 'DHashMap', scheduling: 'basic', size: 4097, parallelism: 0.498, latency: 531, iter: 1 },
{workload: 'DHashMap', scheduling: 'basic', size: 2731, parallelism: 0.498, latency: 531, iter: 1 },
{workload: 'DHashMap', scheduling: 'basic', size: 2049, parallelism: 0.498, latency: 529, iter: 1 },

{workload: 'DHashMap', scheduling: 'address', size: 65537, parallelism: 0.498, latency: 1495, iter: 1 },
{workload: 'DHashMap', scheduling: 'address', size: 32769, parallelism: 0.498, latency: 1472, iter: 1 },
{workload: 'DHashMap', scheduling: 'address', size: 16385, parallelism: 0.498, latency: 1467, iter: 1 },
{workload: 'DHashMap', scheduling: 'address', size: 8193, parallelism: 0.498, latency: 1468, iter: 1 },
{workload: 'DHashMap', scheduling: 'address', size: 4097, parallelism: 0.498, latency: 1470, iter: 1 },
{workload: 'DHashMap', scheduling: 'address', size: 2731, parallelism: 0.498, latency: 1296, iter: 1 },
{workload: 'DHashMap', scheduling: 'address', size: 2049, parallelism: 0.498, latency: 1466, iter: 1 },
{workload: 'DHashMap', scheduling: 'address', size: 65537, parallelism: 0.498, latency: 2677, iter: 2 },
{workload: 'DHashMap', scheduling: 'address', size: 32769, parallelism: 0.498, latency: 2059, iter: 2 },
{workload: 'DHashMap', scheduling: 'address', size: 16385, parallelism: 0.498, latency: 1762, iter: 2 },
{workload: 'DHashMap', scheduling: 'address', size: 8193, parallelism: 0.498, latency: 1617, iter: 2 },
{workload: 'DHashMap', scheduling: 'address', size: 4097, parallelism: 0.498, latency: 1548, iter: 2 },
{workload: 'DHashMap', scheduling: 'address', size: 2731, parallelism: 0.498, latency: 1339, iter: 2 },
{workload: 'DHashMap', scheduling: 'address', size: 2049, parallelism: 0.498, latency: 1503, iter: 2 },
{workload: 'DHashMap', scheduling: 'address', size: 65537, parallelism: 0.498, latency: 3858, iter: 3 },
{workload: 'DHashMap', scheduling: 'address', size: 32769, parallelism: 0.498, latency: 2651, iter: 3 },
{workload: 'DHashMap', scheduling: 'address', size: 16385, parallelism: 0.498, latency: 2057, iter: 3 },
{workload: 'DHashMap', scheduling: 'address', size: 8193, parallelism: 0.498, latency: 1764, iter: 3 },
{workload: 'DHashMap', scheduling: 'address', size: 4097, parallelism: 0.498, latency: 1621, iter: 3 },
{workload: 'DHashMap', scheduling: 'address', size: 2731, parallelism: 0.498, latency: 1381, iter: 3 },
{workload: 'DHashMap', scheduling: 'address', size: 2049, parallelism: 0.498, latency: 1540, iter: 3 },
{workload: 'DHashMap', scheduling: 'address', size: 65537, parallelism: 0.498, latency: 5035, iter: 4 },
{workload: 'DHashMap', scheduling: 'address', size: 32769, parallelism: 0.498, latency: 3239, iter: 4 },
{workload: 'DHashMap', scheduling: 'address', size: 16385, parallelism: 0.498, latency: 2350, iter: 4 },
{workload: 'DHashMap', scheduling: 'address', size: 8193, parallelism: 0.498, latency: 1911, iter: 4 },
{workload: 'DHashMap', scheduling: 'address', size: 4097, parallelism: 0.498, latency: 1697, iter: 4 },
{workload: 'DHashMap', scheduling: 'address', size: 2731, parallelism: 0.498, latency: 1424, iter: 4 },
{workload: 'DHashMap', scheduling: 'address', size: 2049, parallelism: 0.498, latency: 1577, iter: 4 },
{workload: 'DHashMap', scheduling: 'address', size: 65537, parallelism: 0.498, latency: 6224, iter: 5 },
{workload: 'DHashMap', scheduling: 'address', size: 32769, parallelism: 0.498, latency: 3833, iter: 5 },
{workload: 'DHashMap', scheduling: 'address', size: 16385, parallelism: 0.498, latency: 2646, iter: 5 },
{workload: 'DHashMap', scheduling: 'address', size: 8193, parallelism: 0.498, latency: 2058, iter: 5 },
{workload: 'DHashMap', scheduling: 'address', size: 4097, parallelism: 0.498, latency: 1770, iter: 5 },
{workload: 'DHashMap', scheduling: 'address', size: 2731, parallelism: 0.498, latency: 1466, iter: 5 },
{workload: 'DHashMap', scheduling: 'address', size: 2049, parallelism: 0.498, latency: 1615, iter: 5 },

{workload: 'DHashMap', scheduling: 'read/write', size: 65537, parallelism: 0.514, latency: 1558, iter: 1 },
{workload: 'DHashMap', scheduling: 'read/write', size: 32769, parallelism: 0.529, latency: 1572, iter: 1 },
{workload: 'DHashMap', scheduling: 'read/write', size: 16385, parallelism: 0.560, latency: 1615, iter: 1 },
{workload: 'DHashMap', scheduling: 'read/write', size: 8193, parallelism: 0.620, latency: 1697, iter: 1 },
{workload: 'DHashMap', scheduling: 'read/write', size: 4097, parallelism: 0.714, latency: 1773, iter: 1 },
{workload: 'DHashMap', scheduling: 'read/write', size: 2731, parallelism: 0.775, latency: 1768, iter: 1 },
{workload: 'DHashMap', scheduling: 'read/write', size: 2049, parallelism: 0.813, latency: 1796, iter: 1 },
{workload: 'DHashMap', scheduling: 'read/write', size: 65537, parallelism: 0.529, latency: 2817, iter: 2 },
{workload: 'DHashMap', scheduling: 'read/write', size: 32769, parallelism: 0.545, latency: 2186, iter: 2 },
{workload: 'DHashMap', scheduling: 'read/write', size: 16385, parallelism: 0.576, latency: 1913, iter: 2 },
{workload: 'DHashMap', scheduling: 'read/write', size: 8193, parallelism: 0.635, latency: 1828, iter: 2 },
{workload: 'DHashMap', scheduling: 'read/write', size: 4097, parallelism: 0.723, latency: 1826, iter: 2 },
{workload: 'DHashMap', scheduling: 'read/write', size: 2731, parallelism: 0.781, latency: 1796, iter: 2 },
{workload: 'DHashMap', scheduling: 'read/write', size: 2049, parallelism: 0.817, latency: 1813, iter: 2 },
{workload: 'DHashMap', scheduling: 'read/write', size: 65537, parallelism: 0.545, latency: 4042, iter: 3 },
{workload: 'DHashMap', scheduling: 'read/write', size: 32769, parallelism: 0.560, latency: 2768, iter: 3 },
{workload: 'DHashMap', scheduling: 'read/write', size: 16385, parallelism: 0.591, latency: 2169, iter: 3 },
{workload: 'DHashMap', scheduling: 'read/write', size: 8193, parallelism: 0.646, latency: 1913, iter: 3 },
{workload: 'DHashMap', scheduling: 'read/write', size: 4097, parallelism: 0.728, latency: 1854, iter: 3 },
{workload: 'DHashMap', scheduling: 'read/write', size: 2731, parallelism: 0.784, latency: 1808, iter: 3 },
{workload: 'DHashMap', scheduling: 'read/write', size: 2049, parallelism: 0.819, latency: 1820, iter: 3 },
{workload: 'DHashMap', scheduling: 'read/write', size: 65537, parallelism: 0.560, latency: 5218, iter: 4 },
{workload: 'DHashMap', scheduling: 'read/write', size: 32769, parallelism: 0.576, latency: 3305, iter: 4 },
{workload: 'DHashMap', scheduling: 'read/write', size: 16385, parallelism: 0.606, latency: 2377, iter: 4 },
{workload: 'DHashMap', scheduling: 'read/write', size: 8193, parallelism: 0.655, latency: 1972, iter: 4 },
{workload: 'DHashMap', scheduling: 'read/write', size: 4097, parallelism: 0.731, latency: 1865, iter: 4 },
{workload: 'DHashMap', scheduling: 'read/write', size: 2731, parallelism: 0.784, latency: 1814, iter: 4 },
{workload: 'DHashMap', scheduling: 'read/write', size: 2049, parallelism: 0.819, latency: 1823, iter: 4 },
{workload: 'DHashMap', scheduling: 'read/write', size: 65537, parallelism: 0.576, latency: 6363, iter: 5 },
{workload: 'DHashMap', scheduling: 'read/write', size: 32769, parallelism: 0.592, latency: 3811, iter: 5 },
{workload: 'DHashMap', scheduling: 'read/write', size: 16385, parallelism: 0.620, latency: 2550, iter: 5 },
{workload: 'DHashMap', scheduling: 'read/write', size: 8193, parallelism: 0.661, latency: 2004, iter: 5 },
{workload: 'DHashMap', scheduling: 'read/write', size: 4097, parallelism: 0.732, latency: 1870, iter: 5 },
{workload: 'DHashMap', scheduling: 'read/write', size: 2731, parallelism: 0.785, latency: 1815, iter: 5 },
{workload: 'DHashMap', scheduling: 'read/write', size: 2049, parallelism: 0.819, latency: 1825, iter: 5 },

{workload: 'DHashMap', scheduling: 'assign(4)', size: 65537, parallelism: 1.000, latency: 1810, iter: 1 },
{workload: 'DHashMap', scheduling: 'assign(4)', size: 32769, parallelism: 1.000, latency: 1816, iter: 1 },
{workload: 'DHashMap', scheduling: 'assign(4)', size: 16385, parallelism: 1.000, latency: 1759, iter: 1 },
{workload: 'DHashMap', scheduling: 'assign(4)', size: 8193, parallelism: 1.000, latency: 1867, iter: 1 },
{workload: 'DHashMap', scheduling: 'assign(4)', size: 4097, parallelism: 1.000, latency: 1983, iter: 1 },
{workload: 'DHashMap', scheduling: 'assign(4)', size: 2731, parallelism: 1.000, latency: 2002, iter: 1 },
{workload: 'DHashMap', scheduling: 'assign(4)', size: 2049, parallelism: 1.000, latency: 2024, iter: 1 },
{workload: 'DHashMap', scheduling: 'assign(8)', size: 65537, parallelism: 1.000, latency: 1808, iter: 1 },
{workload: 'DHashMap', scheduling: 'assign(8)', size: 32769, parallelism: 1.000, latency: 1830, iter: 1 },
{workload: 'DHashMap', scheduling: 'assign(8)', size: 16385, parallelism: 1.000, latency: 1774, iter: 1 },
{workload: 'DHashMap', scheduling: 'assign(8)', size: 8193, parallelism: 1.000, latency: 1881, iter: 1 },
{workload: 'DHashMap', scheduling: 'assign(8)', size: 4097, parallelism: 1.000, latency: 1997, iter: 1 },
{workload: 'DHashMap', scheduling: 'assign(8)', size: 2731, parallelism: 1.000, latency: 2009, iter: 1 },
{workload: 'DHashMap', scheduling: 'assign(8)', size: 2049, parallelism: 1.000, latency: 2030, iter: 1 },
{workload: 'DHashMap', scheduling: 'assign(16)', size: 65537, parallelism: 1.000, latency: 1826, iter: 1 },
{workload: 'DHashMap', scheduling: 'assign(16)', size: 32769, parallelism: 1.000, latency: 1857, iter: 1 },
{workload: 'DHashMap', scheduling: 'assign(16)', size: 16385, parallelism: 1.000, latency: 1799, iter: 1 },
{workload: 'DHashMap', scheduling: 'assign(16)', size: 8193, parallelism: 1.000, latency: 1906, iter: 1 },
{workload: 'DHashMap', scheduling: 'assign(16)', size: 4097, parallelism: 1.000, latency: 2005, iter: 1 },
{workload: 'DHashMap', scheduling: 'assign(16)', size: 2731, parallelism: 1.000, latency: 2017, iter: 1 },
{workload: 'DHashMap', scheduling: 'assign(16)', size: 2049, parallelism: 1.000, latency: 2034, iter: 1 },
{workload: 'DHashMap', scheduling: 'assign(24)', size: 65537, parallelism: 1.000, latency: 1847, iter: 1 },
{workload: 'DHashMap', scheduling: 'assign(24)', size: 32769, parallelism: 1.000, latency: 1873, iter: 1 },
{workload: 'DHashMap', scheduling: 'assign(24)', size: 16385, parallelism: 1.000, latency: 1814, iter: 1 },
{workload: 'DHashMap', scheduling: 'assign(24)', size: 8193, parallelism: 1.000, latency: 1917, iter: 1 },
{workload: 'DHashMap', scheduling: 'assign(24)', size: 4097, parallelism: 1.000, latency: 2011, iter: 1 },
{workload: 'DHashMap', scheduling: 'assign(24)', size: 2731, parallelism: 1.000, latency: 2020, iter: 1 },
{workload: 'DHashMap', scheduling: 'assign(24)', size: 2049, parallelism: 1.000, latency: 2038, iter: 1 },
{workload: 'DHashMap', scheduling: 'assign(32)', size: 65537, parallelism: 1.000, latency: 1858, iter: 1 },
{workload: 'DHashMap', scheduling: 'assign(32)', size: 32769, parallelism: 1.000, latency: 1889, iter: 1 },
{workload: 'DHashMap', scheduling: 'assign(32)', size: 16385, parallelism: 1.000, latency: 1826, iter: 1 },
{workload: 'DHashMap', scheduling: 'assign(32)', size: 8193, parallelism: 1.000, latency: 1923, iter: 1 },
{workload: 'DHashMap', scheduling: 'assign(32)', size: 4097, parallelism: 1.000, latency: 2016, iter: 1 },
{workload: 'DHashMap', scheduling: 'assign(32)', size: 2731, parallelism: 1.000, latency: 2025, iter: 1 },
{workload: 'DHashMap', scheduling: 'assign(32)', size: 2049, parallelism: 1.000, latency: 2041, iter: 1 },

// Fibonacci: ============================================================================
{workload: 'Fibonacci', scheduling: 'basic', size: 65537, parallelism: 1.000, latency: 129, iter: 1 },
{workload: 'Fibonacci', scheduling: 'basic', size: 32769, parallelism: 1.000, latency: 128, iter: 1 },
{workload: 'Fibonacci', scheduling: 'basic', size: 16385, parallelism: 1.000, latency: 128, iter: 1 },
{workload: 'Fibonacci', scheduling: 'basic', size: 8193, parallelism: 1.000, latency: 128, iter: 1 },
{workload: 'Fibonacci', scheduling: 'basic', size: 4097, parallelism: 1.000, latency: 128, iter: 1 },
{workload: 'Fibonacci', scheduling: 'basic', size: 2731, parallelism: 1.000, latency: 128, iter: 1 },
{workload: 'Fibonacci', scheduling: 'basic', size: 2049, parallelism: 1.000, latency: 128, iter: 1 },

{workload: 'Fibonacci', scheduling: 'address', size: 65537, parallelism: 1.000, latency: 125, iter: 1 },
{workload: 'Fibonacci', scheduling: 'address', size: 32769, parallelism: 1.000, latency: 124, iter: 1 },
{workload: 'Fibonacci', scheduling: 'address', size: 16385, parallelism: 1.000, latency: 122, iter: 1 },
{workload: 'Fibonacci', scheduling: 'address', size: 8193, parallelism: 1.000, latency: 122, iter: 1 },
{workload: 'Fibonacci', scheduling: 'address', size: 4097, parallelism: 1.000, latency: 121, iter: 1 },
{workload: 'Fibonacci', scheduling: 'address', size: 2731, parallelism: 1.000, latency: 121, iter: 1 },
{workload: 'Fibonacci', scheduling: 'address', size: 2049, parallelism: 1.000, latency: 122, iter: 1 },

{workload: 'Fibonacci', scheduling: 'read/write', size: 65537, parallelism: 1.000, latency: 159, iter: 1 },
{workload: 'Fibonacci', scheduling: 'read/write', size: 32769, parallelism: 1.000, latency: 159, iter: 1 },
{workload: 'Fibonacci', scheduling: 'read/write', size: 16385, parallelism: 1.000, latency: 158, iter: 1 },
{workload: 'Fibonacci', scheduling: 'read/write', size: 8193, parallelism: 1.000, latency: 158, iter: 1 },
{workload: 'Fibonacci', scheduling: 'read/write', size: 4097, parallelism: 1.000, latency: 159, iter: 1 },
{workload: 'Fibonacci', scheduling: 'read/write', size: 2731, parallelism: 1.000, latency: 159, iter: 1 },
{workload: 'Fibonacci', scheduling: 'read/write', size: 2049, parallelism: 1.000, latency: 159, iter: 1 },

{workload: 'Fibonacci', scheduling: 'assign(4)', size: 65537, parallelism: 1.000, latency: 126, iter: 1 },
{workload: 'Fibonacci', scheduling: 'assign(4)', size: 32769, parallelism: 1.000, latency: 125, iter: 1 },
{workload: 'Fibonacci', scheduling: 'assign(4)', size: 16385, parallelism: 1.000, latency: 124, iter: 1 },
{workload: 'Fibonacci', scheduling: 'assign(4)', size: 8193, parallelism: 1.000, latency: 122, iter: 1 },
{workload: 'Fibonacci', scheduling: 'assign(4)', size: 4097, parallelism: 1.000, latency: 122, iter: 1 },
{workload: 'Fibonacci', scheduling: 'assign(4)', size: 2731, parallelism: 1.000, latency: 122, iter: 1 },
{workload: 'Fibonacci', scheduling: 'assign(4)', size: 2049, parallelism: 1.000, latency: 122, iter: 1 },
{workload: 'Fibonacci', scheduling: 'assign(8)', size: 65537, parallelism: 1.000, latency: 126, iter: 1 },
{workload: 'Fibonacci', scheduling: 'assign(8)', size: 32769, parallelism: 1.000, latency: 125, iter: 1 },
{workload: 'Fibonacci', scheduling: 'assign(8)', size: 16385, parallelism: 1.000, latency: 123, iter: 1 },
{workload: 'Fibonacci', scheduling: 'assign(8)', size: 8193, parallelism: 1.000, latency: 122, iter: 1 },
{workload: 'Fibonacci', scheduling: 'assign(8)', size: 4097, parallelism: 1.000, latency: 123, iter: 1 },
{workload: 'Fibonacci', scheduling: 'assign(8)', size: 2731, parallelism: 1.000, latency: 122, iter: 1 },
{workload: 'Fibonacci', scheduling: 'assign(8)', size: 2049, parallelism: 1.000, latency: 122, iter: 1 },
{workload: 'Fibonacci', scheduling: 'assign(16)', size: 65537, parallelism: 1.000, latency: 126, iter: 1 },
{workload: 'Fibonacci', scheduling: 'assign(16)', size: 32769, parallelism: 1.000, latency: 125, iter: 1 },
{workload: 'Fibonacci', scheduling: 'assign(16)', size: 16385, parallelism: 1.000, latency: 124, iter: 1 },
{workload: 'Fibonacci', scheduling: 'assign(16)', size: 8193, parallelism: 1.000, latency: 122, iter: 1 },
{workload: 'Fibonacci', scheduling: 'assign(16)', size: 4097, parallelism: 1.000, latency: 123, iter: 1 },
{workload: 'Fibonacci', scheduling: 'assign(16)', size: 2731, parallelism: 1.000, latency: 122, iter: 1 },
{workload: 'Fibonacci', scheduling: 'assign(16)', size: 2049, parallelism: 1.000, latency: 122, iter: 1 },
{workload: 'Fibonacci', scheduling: 'assign(24)', size: 65537, parallelism: 1.000, latency: 126, iter: 1 },
{workload: 'Fibonacci', scheduling: 'assign(24)', size: 32769, parallelism: 1.000, latency: 125, iter: 1 },
{workload: 'Fibonacci', scheduling: 'assign(24)', size: 16385, parallelism: 1.000, latency: 123, iter: 1 },
{workload: 'Fibonacci', scheduling: 'assign(24)', size: 8193, parallelism: 1.000, latency: 123, iter: 1 },
{workload: 'Fibonacci', scheduling: 'assign(24)', size: 4097, parallelism: 1.000, latency: 122, iter: 1 },
{workload: 'Fibonacci', scheduling: 'assign(24)', size: 2731, parallelism: 1.000, latency: 122, iter: 1 },
{workload: 'Fibonacci', scheduling: 'assign(24)', size: 2049, parallelism: 1.000, latency: 121, iter: 1 },
{workload: 'Fibonacci', scheduling: 'assign(32)', size: 65537, parallelism: 1.000, latency: 126, iter: 1 },
{workload: 'Fibonacci', scheduling: 'assign(32)', size: 32769, parallelism: 1.000, latency: 125, iter: 1 },
{workload: 'Fibonacci', scheduling: 'assign(32)', size: 16385, parallelism: 1.000, latency: 124, iter: 1 },
{workload: 'Fibonacci', scheduling: 'assign(32)', size: 8193, parallelism: 1.000, latency: 122, iter: 1 },
{workload: 'Fibonacci', scheduling: 'assign(32)', size: 4097, parallelism: 1.000, latency: 123, iter: 1 },
{workload: 'Fibonacci', scheduling: 'assign(32)', size: 2731, parallelism: 1.000, latency: 122, iter: 1 },
{workload: 'Fibonacci', scheduling: 'assign(32)', size: 2049, parallelism: 1.000, latency: 122, iter: 1 },

Latency = schedule whole batch in chunks
main took 103.24s
