Collect {
	3 schedulers, 3 executors {
		PreviousDHashMap(7, 64, 1024; 0.7, 0.05, 0.05, 0.2) {
			7.18 ± 0.20 tx/µs
			9.125ms ± 245µs	(scheduling: 1.349ms ± 25µs, execution: 5.683ms ± 101µs)
		}
	}
}
Done. Took 1.40s

main took 1.40s

 Performance counter stats for 'system wide':

Scheduler 0 and executor 0
S0-D0-C0           2          6,001,299      L1-icache-load-misses                                                (35.86%)
S0-D0-C0           2         22,176,921      L1-dcache-load-misses                                                (35.97%)
S0-D0-C0           2         11,303,716      l2_rqsts.all_demand_miss                                             (36.26%)
S0-D0-C0           2          2,450,534      LLC-loads                                                            (36.55%)
S0-D0-C0           2            681,705      LLC-load-misses                  #   27.82% of all LL-cache accesses  (36.65%)
S0-D0-C0           2          5,016,032      LLC-stores                                                           (18.32%)
S0-D0-C0           2          1,858,561      LLC-store-misses                                                     (18.33%)
S0-D0-C0           2        314,030,963      dTLB-loads                                                           (27.49%)
S0-D0-C0           2            313,389      dTLB-load-misses                 #    0.10% of all dTLB cache accesses  (36.55%)
S0-D0-C0           2        228,388,769      dTLB-stores                                                          (36.24%)
S0-D0-C0           2            141,005      dTLB-store-misses                                                    (35.96%)
Scheduler 1 and executor 1
S0-D0-C1           2          6,541,279      L1-icache-load-misses                                                (35.88%)
S0-D0-C1           2         49,546,483      L1-dcache-load-misses                                                (35.97%)
S0-D0-C1           2         19,770,517      l2_rqsts.all_demand_miss                                             (36.26%)
S0-D0-C1           2         16,260,737      LLC-loads                                                            (36.54%)
S0-D0-C1           2            949,019      LLC-load-misses                  #    5.84% of all LL-cache accesses  (36.64%)
S0-D0-C1           2          2,729,416      LLC-stores                                                           (18.32%)
S0-D0-C1           2            500,035      LLC-store-misses                                                     (18.31%)
S0-D0-C1           2      1,335,079,045      dTLB-loads                                                           (27.48%)
S0-D0-C1           2          2,419,591      dTLB-load-misses                 #    0.18% of all dTLB cache accesses  (36.54%)
S0-D0-C1           2        890,096,593      dTLB-stores                                                          (36.25%)
S0-D0-C1           2            195,174      dTLB-store-misses                                                    (35.98%)
Scheduler 2 and executor 2
S0-D0-C2           2         15,003,168      L1-icache-load-misses                                                (35.86%)
S0-D0-C2           2        184,058,753      L1-dcache-load-misses                                                (35.97%)
S0-D0-C2           2        140,685,507      l2_rqsts.all_demand_miss                                             (36.24%)
S0-D0-C2           2         17,811,443      LLC-loads                                                            (36.52%)
S0-D0-C2           2          6,077,391      LLC-load-misses                  #   34.12% of all LL-cache accesses  (36.65%)
S0-D0-C2           2        159,504,444      LLC-stores                                                           (18.34%)
S0-D0-C2           2        118,914,181      LLC-store-misses                                                     (18.32%)
S0-D0-C2           2        422,766,330      dTLB-loads                                                           (27.48%)
S0-D0-C2           2            859,665      dTLB-load-misses                 #    0.20% of all dTLB cache accesses  (36.56%)
S0-D0-C2           2        293,160,926      dTLB-stores                                                          (36.26%)
S0-D0-C2           2          4,519,741      dTLB-store-misses                                                    (35.98%)
Coordinator and benchmark
S0-D0-C3           2          9,771,191      L1-icache-load-misses                                                (35.88%)
S0-D0-C3           2         24,759,463      L1-dcache-load-misses                                                (35.97%)
S0-D0-C3           2         15,882,442      l2_rqsts.all_demand_miss                                             (36.24%)
S0-D0-C3           2          8,698,698      LLC-loads                                                            (36.55%)
S0-D0-C3           2            651,081      LLC-load-misses                  #    7.48% of all LL-cache accesses  (36.64%)
S0-D0-C3           2          1,600,595      LLC-stores                                                           (18.31%)
S0-D0-C3           2            342,908      LLC-store-misses                                                     (18.32%)
S0-D0-C3           2        671,253,967      dTLB-loads                                                           (27.48%)
S0-D0-C3           2            860,074      dTLB-load-misses                 #    0.13% of all dTLB cache accesses  (36.54%)
S0-D0-C3           2        447,932,282      dTLB-stores                                                          (36.27%)
S0-D0-C3           2            104,520      dTLB-store-misses                                                    (35.97%)

       1.397146934 seconds time elapsed

------------------------------------------------------------------------------------------------------------------------------------
Collect {
	3 schedulers, 3 executors {
		PreviousDHashMap(7, 64, 1024; 0.7, 0.05, 0.05, 0.2) {
			6.71 ± 0.31 tx/µs
			9.769ms ± 434µs	(scheduling: 1.189ms ± 39µs, execution: 5.699ms ± 52µs)
		}
	}
}
Done. Took 1.45s

main took 1.45s

 Performance counter stats for 'system wide':
Scheduler 0 and executor 0
S0-D0-C0           2          8,593,186      L1-icache-load-misses                                                (36.49%)
S0-D0-C0           2         97,197,161      L1-dcache-load-misses                                                (36.52%)
S0-D0-C0           2         73,337,270      l2_rqsts.all_demand_miss                                             (36.52%)
S0-D0-C0           2         10,371,436      LLC-loads                                                            (36.52%)
S0-D0-C0           2          3,437,104      LLC-load-misses                  #   33.14% of all LL-cache accesses  (36.32%)
S0-D0-C0           2         79,677,611      LLC-stores                                                           (18.14%)
S0-D0-C0           2         47,967,332      LLC-store-misses                                                     (18.12%)
S0-D0-C0           2        391,810,941      dTLB-loads                                                           (27.19%)
S0-D0-C0           2            564,340      dTLB-load-misses                 #    0.14% of all dTLB cache accesses  (36.27%)
S0-D0-C0           2        274,319,711      dTLB-stores                                                          (36.28%)
S0-D0-C0           2          1,923,142      dTLB-store-misses                                                    (36.28%)
Scheduler 1 and executor 1
S0-D0-C1           2          8,645,864      L1-icache-load-misses                                                (36.48%)
S0-D0-C1           2         50,095,232      L1-dcache-load-misses                                                (36.52%)
S0-D0-C1           2         21,529,012      l2_rqsts.all_demand_miss                                             (36.50%)
S0-D0-C1           2         16,858,704      LLC-loads                                                            (36.51%)
S0-D0-C1           2          1,139,296      LLC-load-misses                  #    6.76% of all LL-cache accesses  (36.31%)
S0-D0-C1           2          2,957,906      LLC-stores                                                           (18.14%)
S0-D0-C1           2            700,545      LLC-store-misses                                                     (18.13%)
S0-D0-C1           2      1,295,674,413      dTLB-loads                                                           (27.20%)
S0-D0-C1           2          2,440,429      dTLB-load-misses                 #    0.19% of all dTLB cache accesses  (36.27%)
S0-D0-C1           2        899,037,598      dTLB-stores                                                          (36.28%)
S0-D0-C1           2            203,411      dTLB-store-misses                                                    (36.28%)
Scheduler 2 and executor 2
S0-D0-C2           2         10,344,453      L1-icache-load-misses                                                (36.49%)
S0-D0-C2           2         85,635,118      L1-dcache-load-misses                                                (36.51%)
S0-D0-C2           2         64,691,581      l2_rqsts.all_demand_miss                                             (36.52%)
S0-D0-C2           2          8,310,771      LLC-loads                                                            (36.52%)
S0-D0-C2           2          2,954,667      LLC-load-misses                  #   35.55% of all LL-cache accesses  (36.31%)
S0-D0-C2           2         59,719,155      LLC-stores                                                           (18.14%)
S0-D0-C2           2         52,184,553      LLC-store-misses                                                     (18.12%)
S0-D0-C2           2        323,261,648      dTLB-loads                                                           (27.19%)
S0-D0-C2           2            504,392      dTLB-load-misses                 #    0.16% of all dTLB cache accesses  (36.27%)
S0-D0-C2           2        206,427,342      dTLB-stores                                                          (36.27%)
S0-D0-C2           2          2,268,915      dTLB-store-misses                                                    (36.29%)
None
S0-D0-C3           2          9,815,636      L1-icache-load-misses                                                (36.48%)
S0-D0-C3           2         41,575,003      L1-dcache-load-misses                                                (36.52%)
S0-D0-C3           2         25,420,656      l2_rqsts.all_demand_miss                                             (36.50%)
S0-D0-C3           2         10,303,238      LLC-loads                                                            (36.50%)
S0-D0-C3           2          1,452,006      LLC-load-misses                  #   14.09% of all LL-cache accesses  (36.32%)
S0-D0-C3           2         12,770,843      LLC-stores                                                           (18.15%)
S0-D0-C3           2         18,509,796      LLC-store-misses                                                     (18.12%)
S0-D0-C3           2        671,872,836      dTLB-loads                                                           (27.19%)
S0-D0-C3           2            956,812      dTLB-load-misses                 #    0.14% of all dTLB cache accesses  (36.27%)
S0-D0-C3           2        461,285,569      dTLB-stores                                                          (36.29%)
S0-D0-C3           2            403,574      dTLB-store-misses                                                    (36.28%)

       1.455508251 seconds time elapsed
